TN:
SF:/home/runner/work/Logger/Logger/Logger.cpp
FN:10,11,_ZN6LoggerC2Ev
FN:123,130,_ZN6Logger19setLogFileSizeLimitERKm
FN:13,17,_ZN6LoggerD2Ev
FN:132,135,_ZN6Logger18currectLogFilenameB5cxx11Ev
FN:137,156,_ZN6Logger20logFileNameGeneratorB5cxx11Ev
FN:158,170,_ZN6Logger13rotateLogFileEv
FN:19,26,_ZN6Logger10setLogFileERKNSt7__cxx1112basic_stringIcSt11char_traitsIcESaIcEEE
FN:28,32,_ZN6Logger5closeEv
FN:35,38,_ZN6Logger15setMaxSizeOfLogERKm
FN:40,43,_ZN6Logger11setLogLevelE8LogLevel
FN:45,60,_ZN6Logger15setPathToLogDirERKNSt7__cxx1112basic_stringIcSt11char_traitsIcESaIcEEE
FN:5,8,_ZN6Logger11getInstanceEv
FN:62,70,_ZN6Logger16showOnlyOneLevelE8LogLevel
FN:72,92,_ZN6Logger17getLogLevelStringB5cxx11E8LogLevel
FN:94,121,_ZN6Logger3logERKNSt7__cxx1112basic_stringIcSt11char_traitsIcESaIcEEE8LogLevel
FNDA:1,_ZN6LoggerC2Ev
FNDA:0,_ZN6Logger19setLogFileSizeLimitERKm
FNDA:1,_ZN6LoggerD2Ev
FNDA:2,_ZN6Logger18currectLogFilenameB5cxx11Ev
FNDA:0,_ZN6Logger20logFileNameGeneratorB5cxx11Ev
FNDA:106,_ZN6Logger13rotateLogFileEv
FNDA:8,_ZN6Logger10setLogFileERKNSt7__cxx1112basic_stringIcSt11char_traitsIcESaIcEEE
FNDA:7,_ZN6Logger5closeEv
FNDA:2,_ZN6Logger15setMaxSizeOfLogERKm
FNDA:6,_ZN6Logger11setLogLevelE8LogLevel
FNDA:7,_ZN6Logger15setPathToLogDirERKNSt7__cxx1112basic_stringIcSt11char_traitsIcESaIcEEE
FNDA:7,_ZN6Logger11getInstanceEv
FNDA:1,_ZN6Logger16showOnlyOneLevelE8LogLevel
FNDA:106,_ZN6Logger17getLogLevelStringB5cxx11E8LogLevel
FNDA:110,_ZN6Logger3logERKNSt7__cxx1112basic_stringIcSt11char_traitsIcESaIcEEE8LogLevel
FNF:15
FNH:13
DA:5,7
DA:6,7
DA:7,7
DA:10,3
DA:11,1
DA:13,1
DA:14,1
DA:15,0
DA:17,1
DA:19,8
DA:21,8
DA:22,1
DA:24,8
DA:25,8
DA:26,8
DA:28,7
DA:29,7
DA:30,7
DA:32,7
DA:35,2
DA:37,2
DA:38,2
DA:40,6
DA:41,6
DA:42,6
DA:43,6
DA:45,7
DA:47,7
DA:51,0
DA:53,0
DA:55,0
DA:56,0
DA:59,7
DA:60,7
DA:62,1
DA:64,1
DA:66,1
DA:69,1
DA:70,1
DA:72,106
DA:74,106
DA:75,106
DA:76,0
DA:77,0
DA:78,0
DA:79,0
DA:80,0
DA:81,0
DA:82,0
DA:83,104
DA:84,0
DA:85,1
DA:86,1
DA:87,0
DA:88,0
DA:91,106
DA:92,0
DA:94,110
DA:95,110
DA:96,3
DA:97,4
DA:101,107
DA:102,2
DA:106,106
DA:107,106
DA:109,106
DA:111,106
DA:113,106
DA:115,106
DA:116,106
DA:120,106
DA:121,106
DA:123,0
DA:125,0
DA:127,0
DA:130,0
DA:132,2
DA:134,2
DA:137,0
DA:139,0
DA:141,0
DA:143,0
DA:145,0
DA:147,0
DA:148,0
DA:152,0
DA:155,0
DA:156,0
DA:158,106
DA:160,106
DA:161,105
DA:164,1
DA:165,0
DA:167,0
DA:168,0
DA:169,0
LF:96
LH:62
end_of_record
