TN:
SF:/home/runner/work/Logger/Logger/Logger.cpp
FN:10,13,_ZN6LoggerC2Ev
FN:109,116,_ZN6Logger19setLogFileSizeLimitERKm
FN:118,139,_ZN6Logger20logFileNameGeneratorB5cxx11Ev
FN:141,153,_ZN6Logger13rotateLogFileEv
FN:15,19,_ZN6LoggerD2Ev
FN:21,27,_ZN6Logger10setLogFileERKNSt7__cxx1112basic_stringIcSt11char_traitsIcESaIcEEE
FN:29,33,_ZN6Logger5closeEv
FN:36,39,_ZN6Logger15setMaxSizeOfLogERKm
FN:41,43,_ZN6Logger11setLogLevelE8LogLevel
FN:45,62,_ZN6Logger15setPathToLogDirERKNSt7__cxx1112basic_stringIcSt11char_traitsIcESaIcEEE
FN:5,8,_ZN6Logger11getInstanceEv
FN:64,72,_ZN6Logger16showOnlyOneLevelEb8LogLevel
FN:74,107,_ZN6Logger3logERKNSt7__cxx1112basic_stringIcSt11char_traitsIcESaIcEEE8LogLevel
FNDA:1,_ZN6LoggerC2Ev
FNDA:0,_ZN6Logger19setLogFileSizeLimitERKm
FNDA:1,_ZN6Logger20logFileNameGeneratorB5cxx11Ev
FNDA:6,_ZN6Logger13rotateLogFileEv
FNDA:1,_ZN6LoggerD2Ev
FNDA:4,_ZN6Logger10setLogFileERKNSt7__cxx1112basic_stringIcSt11char_traitsIcESaIcEEE
FNDA:1,_ZN6Logger5closeEv
FNDA:1,_ZN6Logger15setMaxSizeOfLogERKm
FNDA:1,_ZN6Logger11setLogLevelE8LogLevel
FNDA:0,_ZN6Logger15setPathToLogDirERKNSt7__cxx1112basic_stringIcSt11char_traitsIcESaIcEEE
FNDA:2,_ZN6Logger11getInstanceEv
FNDA:0,_ZN6Logger16showOnlyOneLevelEb8LogLevel
FNDA:6,_ZN6Logger3logERKNSt7__cxx1112basic_stringIcSt11char_traitsIcESaIcEEE8LogLevel
FNF:13
FNH:10
DA:5,2
DA:6,2
DA:7,2
DA:10,3
DA:11,1
DA:12,1
DA:13,1
DA:15,1
DA:16,1
DA:17,1
DA:19,1
DA:21,4
DA:22,4
DA:23,1
DA:25,4
DA:26,4
DA:27,4
DA:29,1
DA:30,1
DA:31,1
DA:33,1
DA:36,1
DA:38,1
DA:39,1
DA:41,1
DA:42,1
DA:43,1
DA:45,0
DA:47,0
DA:51,0
DA:53,0
DA:55,0
DA:56,0
DA:60,0
DA:62,0
DA:64,0
DA:66,0
DA:68,0
DA:71,0
DA:72,0
DA:74,6
DA:75,6
DA:76,0
DA:77,0
DA:81,6
DA:82,0
DA:86,6
DA:87,6
DA:89,6
DA:91,6
DA:92,6
DA:93,6
DA:94,0
DA:95,0
DA:96,0
DA:99,12
DA:101,6
DA:102,6
DA:106,6
DA:107,6
DA:109,0
DA:111,0
DA:113,0
DA:116,0
DA:118,1
DA:120,1
DA:122,1
DA:124,3
DA:126,1
DA:128,1
DA:130,0
DA:131,0
DA:135,1
DA:138,2
DA:139,0
DA:141,6
DA:143,6
DA:144,0
DA:147,6
DA:148,1
DA:150,1
DA:151,1
DA:152,1
LF:83
LH:56
end_of_record
TN:
SF:/home/runner/work/Logger/Logger/tests/test_logger.cpp
FN:35,35,_ZN27LoggerTest_LogRotation_Test8TestBodyEv
FN:35,35,_ZN27LoggerTest_LogRotation_TestC2Ev
FN:35,35,_ZN27LoggerTest_LogRotation_TestD0Ev
FN:35,35,_ZN27LoggerTest_LogRotation_TestD2Ev
FN:7,7,_ZN28LoggerTest_WritesToFile_Test8TestBodyEv
FN:7,7,_ZN28LoggerTest_WritesToFile_TestC2Ev
FN:7,7,_ZN28LoggerTest_WritesToFile_TestD0Ev
FN:7,7,_ZN28LoggerTest_WritesToFile_TestD2Ev
FNDA:1,_ZN27LoggerTest_LogRotation_Test8TestBodyEv
FNDA:1,_ZN27LoggerTest_LogRotation_TestC2Ev
FNDA:1,_ZN27LoggerTest_LogRotation_TestD0Ev
FNDA:1,_ZN27LoggerTest_LogRotation_TestD2Ev
FNDA:1,_ZN28LoggerTest_WritesToFile_Test8TestBodyEv
FNDA:1,_ZN28LoggerTest_WritesToFile_TestC2Ev
FNDA:1,_ZN28LoggerTest_WritesToFile_TestD0Ev
FNDA:1,_ZN28LoggerTest_WritesToFile_TestD2Ev
FNF:8
FNH:8
DA:7,4
DA:8,1
DA:9,1
DA:10,1
DA:12,1
DA:13,1
DA:15,1
DA:16,1
DA:17,1
DA:19,1
DA:20,0
DA:23,1
DA:24,1
DA:25,1
DA:26,1
DA:30,1
DA:31,1
DA:32,1
DA:35,4
DA:36,1
DA:37,1
DA:38,1
DA:41,6
DA:42,10
DA:45,1
DA:46,1
DA:47,1
DA:48,1
LF:28
LH:27
end_of_record
TN:
SF:/usr/include/c++/13/bits/alloc_traits.h
FNF:0
FNH:0
DA:588,4
LF:1
LH:1
end_of_record
TN:
SF:/usr/include/c++/13/bits/allocator.h
FNF:0
FNH:0
DA:163,8
DA:168,4
DA:184,8
LF:3
LH:3
end_of_record
TN:
SF:/usr/include/c++/13/bits/basic_string.h
FN:3528,3541,_ZSt12__str_concatINSt7__cxx1112basic_stringIcSt11char_traitsIcESaIcEEEET_PKNS6_10value_typeENS6_9size_typeES9_SA_RKNS6_14allocator_typeE
FN:3553,3560,_ZStplIcSt11char_traitsIcESaIcEENSt7__cxx1112basic_stringIT_T0_T1_EERKS8_SA_
FN:3637,3639,_ZStplIcSt11char_traitsIcESaIcEENSt7__cxx1112basic_stringIT_T0_T1_EEOS8_RKS8_
FN:3651,3669,_ZStplIcSt11char_traitsIcESaIcEENSt7__cxx1112basic_stringIT_T0_T1_EEOS8_S9_
FN:3674,3676,_ZStplIcSt11char_traitsIcESaIcEENSt7__cxx1112basic_stringIT_T0_T1_EEPKS5_OS8_
FN:3688,3690,_ZStplIcSt11char_traitsIcESaIcEENSt7__cxx1112basic_stringIT_T0_T1_EEOS8_PKS5_
FN:4177,4185,_ZNSt7__cxx119to_stringEj
FN:641,650,_ZNSt7__cxx1112basic_stringIcSt11char_traitsIcESaIcEEC2IS3_EEPKcRKS3_
FN:664,666,_ZNSt7__cxx1112basic_stringIcSt11char_traitsIcESaIcEEC2IS3_EEmcRKS3_
FN:795,796,_ZNSt7__cxx1112basic_stringIcSt11char_traitsIcESaIcEEC2ISt17basic_string_viewIcS2_EvEERKT_RKS3_
FNDA:4,_ZSt12__str_concatINSt7__cxx1112basic_stringIcSt11char_traitsIcESaIcEEEET_PKNS6_10value_typeENS6_9size_typeES9_SA_RKNS6_14allocator_typeE
FNDA:2,_ZStplIcSt11char_traitsIcESaIcEENSt7__cxx1112basic_stringIT_T0_T1_EERKS8_SA_
FNDA:14,_ZStplIcSt11char_traitsIcESaIcEENSt7__cxx1112basic_stringIT_T0_T1_EEOS8_RKS8_
FNDA:1,_ZStplIcSt11char_traitsIcESaIcEENSt7__cxx1112basic_stringIT_T0_T1_EEOS8_S9_
FNDA:1,_ZStplIcSt11char_traitsIcESaIcEENSt7__cxx1112basic_stringIT_T0_T1_EEPKS5_OS8_
FNDA:40,_ZStplIcSt11char_traitsIcESaIcEENSt7__cxx1112basic_stringIT_T0_T1_EEOS8_PKS5_
FNDA:1,_ZNSt7__cxx119to_stringEj
FNDA:43,_ZNSt7__cxx1112basic_stringIcSt11char_traitsIcESaIcEEC2IS3_EEPKcRKS3_
FNDA:1,_ZNSt7__cxx1112basic_stringIcSt11char_traitsIcESaIcEEC2IS3_EEmcRKS3_
FNDA:12,_ZNSt7__cxx1112basic_stringIcSt11char_traitsIcESaIcEEC2ISt17basic_string_viewIcS2_EvEERKT_RKS3_
FNF:10
FNH:10
DA:355,0
DA:641,43
DA:642,43
DA:645,43
DA:646,0
DA:648,43
DA:649,43
DA:650,43
DA:664,1
DA:665,1
DA:666,1
DA:795,12
DA:796,12
DA:3528,4
DA:3536,4
DA:3537,4
DA:3538,4
DA:3539,4
DA:3540,4
DA:3541,0
DA:3553,2
DA:3559,4
DA:3637,14
DA:3639,14
DA:3651,1
DA:3656,1
DA:3658,1
DA:3661,1
DA:3664,1
DA:3665,1
DA:3666,0
DA:3668,1
DA:3674,1
DA:3676,1
DA:3688,40
DA:3690,40
DA:4177,1
DA:4182,1
DA:4183,1
DA:4184,1
LF:40
LH:36
end_of_record
TN:
SF:/usr/include/c++/13/bits/basic_string.tcc
FN:221,252,_ZNSt7__cxx1112basic_stringIcSt11char_traitsIcESaIcEE12_M_constructIPKcEEvT_S8_St20forward_iterator_tag
FN:221,252,_ZNSt7__cxx1112basic_stringIcSt11char_traitsIcESaIcEE12_M_constructIPcEEvT_S7_St20forward_iterator_tag
FN:239,239,_ZZNSt7__cxx1112basic_stringIcSt11char_traitsIcESaIcEE12_M_constructIPKcEEvT_S8_St20forward_iterator_tagEN6_GuardC2EPS4_
FN:239,239,_ZZNSt7__cxx1112basic_stringIcSt11char_traitsIcESaIcEE12_M_constructIPcEEvT_S7_St20forward_iterator_tagEN6_GuardC2EPS4_
FN:242,242,_ZZNSt7__cxx1112basic_stringIcSt11char_traitsIcESaIcEE12_M_constructIPKcEEvT_S8_St20forward_iterator_tagEN6_GuardD2Ev
FN:242,242,_ZZNSt7__cxx1112basic_stringIcSt11char_traitsIcESaIcEE12_M_constructIPcEEvT_S7_St20forward_iterator_tagEN6_GuardD2Ev
FNDA:49,_ZNSt7__cxx1112basic_stringIcSt11char_traitsIcESaIcEE12_M_constructIPKcEEvT_S8_St20forward_iterator_tag
FNDA:0,_ZNSt7__cxx1112basic_stringIcSt11char_traitsIcESaIcEE12_M_constructIPcEEvT_S7_St20forward_iterator_tag
FNDA:49,_ZZNSt7__cxx1112basic_stringIcSt11char_traitsIcESaIcEE12_M_constructIPKcEEvT_S8_St20forward_iterator_tagEN6_GuardC2EPS4_
FNDA:0,_ZZNSt7__cxx1112basic_stringIcSt11char_traitsIcESaIcEE12_M_constructIPcEEvT_S7_St20forward_iterator_tagEN6_GuardC2EPS4_
FNDA:49,_ZZNSt7__cxx1112basic_stringIcSt11char_traitsIcESaIcEE12_M_constructIPKcEEvT_S8_St20forward_iterator_tagEN6_GuardD2Ev
FNDA:0,_ZZNSt7__cxx1112basic_stringIcSt11char_traitsIcESaIcEE12_M_constructIPcEEvT_S7_St20forward_iterator_tagEN6_GuardD2Ev
FNF:6
FNH:3
DA:221,49
DA:225,49
DA:227,49
DA:229,13
DA:230,13
DA:239,49
DA:242,49
DA:245,49
DA:247,49
DA:249,49
DA:251,49
DA:252,49
LF:12
LH:12
end_of_record
TN:
SF:/usr/include/c++/13/bits/char_traits.h
FN:136,137,_ZN9__gnu_cxx11char_traitsIcE2eqERKcS3_
FN:199,206,_ZN9__gnu_cxx11char_traitsIcE6lengthEPKc
FN:393,400,_ZNSt11char_traitsIcE6lengthEPKc
FN:427,436,_ZNSt11char_traitsIcE4copyEPcPKcm
FNDA:0,_ZN9__gnu_cxx11char_traitsIcE2eqERKcS3_
FNDA:0,_ZN9__gnu_cxx11char_traitsIcE6lengthEPKc
FNDA:47,_ZNSt11char_traitsIcE6lengthEPKc
FNDA:0,_ZNSt11char_traitsIcE4copyEPcPKcm
FNF:4
FNH:1
DA:136,0
DA:137,0
DA:199,0
DA:202,0
DA:203,0
DA:204,0
DA:205,0
DA:393,47
DA:396,47
DA:397,0
DA:399,47
DA:427,0
DA:429,0
DA:430,0
DA:435,0
LF:15
LH:3
end_of_record
TN:
SF:/usr/include/c++/13/bits/charconv.h
FN:55,74,_ZNSt8__detail14__to_chars_lenIjEEjT_i
FN:81,110,_ZNSt8__detail18__to_chars_10_implIjEEvPcjT_
FNDA:1,_ZNSt8__detail14__to_chars_lenIjEEjT_i
FNDA:1,_ZNSt8__detail18__to_chars_10_implIjEEvPcjT_
FNF:2
FNH:2
DA:55,1
DA:61,1
DA:62,1
DA:63,1
DA:64,1
DA:67,1
DA:68,0
DA:69,0
DA:70,0
DA:71,0
DA:72,0
DA:81,1
DA:87,1
DA:93,1
DA:94,1
DA:96,0
DA:97,0
DA:98,0
DA:99,0
DA:100,0
DA:102,1
DA:104,0
DA:105,0
DA:106,0
DA:109,1
DA:110,1
LF:26
LH:13
end_of_record
TN:
SF:/usr/include/c++/13/bits/fs_dir.h
FN:77,77,_ZNKSt10filesystem11file_status4typeEv
FNDA:16,_ZNKSt10filesystem11file_status4typeEv
FNF:1
FNH:1
DA:77,16
LF:1
LH:1
end_of_record
TN:
SF:/usr/include/c++/13/bits/fs_ops.h
FN:128,129,_ZNSt10filesystem6existsENS_11file_statusE
FN:133,134,_ZNSt10filesystem6existsERKNS_7__cxx114pathE
FN:363,364,_ZNSt10filesystem12status_knownENS_11file_statusE
FNDA:8,_ZNSt10filesystem6existsENS_11file_statusE
FNDA:8,_ZNSt10filesystem6existsERKNS_7__cxx114pathE
FNDA:8,_ZNSt10filesystem12status_knownENS_11file_statusE
FNF:3
FNH:3
DA:128,8
DA:129,8
DA:133,8
DA:134,8
DA:363,8
DA:364,8
LF:6
LH:6
end_of_record
TN:
SF:/usr/include/c++/13/bits/fs_path.h
FN:183,185,_ZNSt10filesystem7__cxx118__detail17__effective_rangeIcSt11char_traitsIcESaIcEEESt17basic_string_viewIT_S3_IS7_EERKNSt7__cxx1112basic_stringIS7_T0_T1_EE
FN:324,326,_ZNSt10filesystem7__cxx114pathC2EONSt7__cxx1112basic_stringIcSt11char_traitsIcESaIcEEENS1_6formatE
FN:330,332,_ZNSt10filesystem7__cxx114pathC2INSt7__cxx1112basic_stringIcSt11char_traitsIcESaIcEEES1_EERKT_NS1_6formatE
FN:355,355,_ZNSt10filesystem7__cxx114pathD2Ev
FN:618,633,_ZNSt10filesystem7__cxx114path10_S_convertISt17basic_string_viewIcSt11char_traitsIcEEEEDaT_
FN:689,689,_ZNSt10filesystem7__cxx114path5_ListD2Ev
FNDA:12,_ZNSt10filesystem7__cxx118__detail17__effective_rangeIcSt11char_traitsIcESaIcEEESt17basic_string_viewIT_S3_IS7_EERKNSt7__cxx1112basic_stringIS7_T0_T1_EE
FNDA:2,_ZNSt10filesystem7__cxx114pathC2EONSt7__cxx1112basic_stringIcSt11char_traitsIcESaIcEEENS1_6formatE
FNDA:12,_ZNSt10filesystem7__cxx114pathC2INSt7__cxx1112basic_stringIcSt11char_traitsIcESaIcEEES1_EERKT_NS1_6formatE
FNDA:14,_ZNSt10filesystem7__cxx114pathD2Ev
FNDA:12,_ZNSt10filesystem7__cxx114path10_S_convertISt17basic_string_viewIcSt11char_traitsIcEEEEDaT_
FNDA:14,_ZNSt10filesystem7__cxx114path5_ListD2Ev
FNF:6
FNH:6
DA:183,12
DA:185,12
DA:324,2
DA:325,2
DA:326,2
DA:330,12
DA:331,24
DA:332,12
DA:355,14
DA:618,12
DA:622,12
DA:689,14
LF:12
LH:12
end_of_record
TN:
SF:/usr/include/c++/13/bits/move.h
FN:97,98,_ZSt4moveIRNSt7__cxx1112basic_stringIcSt11char_traitsIcESaIcEEEEONSt16remove_referenceIT_E4typeEOS8_
FN:97,98,_ZSt4moveIRPNSt10filesystem7__cxx114path5_List5_ImplEEONSt16remove_referenceIT_E4typeEOS8_
FN:97,98,_ZSt4moveIRPNSt7__cxx1112basic_stringIcSt11char_traitsIcESaIcEEEEONSt16remove_referenceIT_E4typeEOS9_
FN:97,98,_ZSt4moveIRPNSt7__cxx1118basic_stringstreamIcSt11char_traitsIcESaIcEEEEONSt16remove_referenceIT_E4typeEOS9_
FN:97,98,_ZSt4moveIRSaIcEEONSt16remove_referenceIT_E4typeEOS3_
FNDA:87,_ZSt4moveIRNSt7__cxx1112basic_stringIcSt11char_traitsIcESaIcEEEEONSt16remove_referenceIT_E4typeEOS8_
FNDA:14,_ZSt4moveIRPNSt10filesystem7__cxx114path5_List5_ImplEEONSt16remove_referenceIT_E4typeEOS8_
FNDA:0,_ZSt4moveIRPNSt7__cxx1112basic_stringIcSt11char_traitsIcESaIcEEEEONSt16remove_referenceIT_E4typeEOS9_
FNDA:54,_ZSt4moveIRPNSt7__cxx1118basic_stringstreamIcSt11char_traitsIcESaIcEEEEONSt16remove_referenceIT_E4typeEOS9_
FNDA:0,_ZSt4moveIRSaIcEEONSt16remove_referenceIT_E4typeEOS3_
FNF:5
FNH:3
DA:97,155
DA:98,155
LF:2
LH:2
end_of_record
TN:
SF:/usr/include/c++/13/bits/new_allocator.h
FN:104,104,_ZNSt15__new_allocatorIcED2Ev
FNDA:66,_ZNSt15__new_allocatorIcED2Ev
FNF:1
FNH:1
DA:88,8
DA:92,4
DA:104,66
LF:3
LH:3
end_of_record
TN:
SF:/usr/include/c++/13/bits/std_mutex.h
FN:104,104,_ZNSt5mutexC2Ev
FN:111,118,_ZNSt5mutex4lockEv
FN:129,133,_ZNSt5mutex6unlockEv
FN:248,249,_ZNSt10lock_guardISt5mutexEC2ERS0_
FN:254,255,_ZNSt10lock_guardISt5mutexED2Ev
FN:67,67,_ZNSt12__mutex_baseC2Ev
FNDA:1,_ZNSt5mutexC2Ev
FNDA:6,_ZNSt5mutex4lockEv
FNDA:6,_ZNSt5mutex6unlockEv
FNDA:6,_ZNSt10lock_guardISt5mutexEC2ERS0_
FNDA:6,_ZNSt10lock_guardISt5mutexED2Ev
FNDA:1,_ZNSt12__mutex_baseC2Ev
FNF:6
FNH:6
DA:67,1
DA:104,1
DA:111,6
DA:113,6
DA:116,6
DA:117,0
DA:118,6
DA:129,6
DA:132,6
DA:133,6
DA:248,6
DA:249,6
DA:254,6
DA:255,6
LF:14
LH:13
end_of_record
TN:
SF:/usr/include/c++/13/bits/stl_iterator_base_funcs.h
FNF:0
FNH:0
DA:106,0
DA:151,0
DA:152,0
LF:3
LH:0
end_of_record
TN:
SF:/usr/include/c++/13/bits/stl_iterator_base_types.h
FNF:0
FNH:0
DA:240,0
LF:1
LH:0
end_of_record
TN:
SF:/usr/include/c++/13/bits/unique_ptr.h
FN:174,174,_ZNSt15__uniq_ptr_implINSt7__cxx1112basic_stringIcSt11char_traitsIcESaIcEEESt14default_deleteIS5_EEC2Ev
FN:197,197,_ZNSt15__uniq_ptr_implINSt10filesystem7__cxx114path5_List5_ImplENS3_13_Impl_deleterEE6_M_ptrEv
FN:197,197,_ZNSt15__uniq_ptr_implINSt7__cxx1112basic_stringIcSt11char_traitsIcESaIcEEESt14default_deleteIS5_EE6_M_ptrEv
FN:197,197,_ZNSt15__uniq_ptr_implINSt7__cxx1118basic_stringstreamIcSt11char_traitsIcESaIcEEESt14default_deleteIS5_EE6_M_ptrEv
FN:199,199,_ZNKSt15__uniq_ptr_implINSt7__cxx1118basic_stringstreamIcSt11char_traitsIcESaIcEEESt14default_deleteIS5_EE6_M_ptrEv
FN:201,201,_ZNSt15__uniq_ptr_implINSt10filesystem7__cxx114path5_List5_ImplENS3_13_Impl_deleterEE10_M_deleterEv
FN:201,201,_ZNSt15__uniq_ptr_implINSt7__cxx1112basic_stringIcSt11char_traitsIcESaIcEEESt14default_deleteIS5_EE10_M_deleterEv
FN:201,201,_ZNSt15__uniq_ptr_implINSt7__cxx1118basic_stringstreamIcSt11char_traitsIcESaIcEEESt14default_deleteIS5_EE10_M_deleterEv
FN:304,306,_ZNSt10unique_ptrINSt7__cxx1112basic_stringIcSt11char_traitsIcESaIcEEESt14default_deleteIS5_EEC2IS7_vEEv
FN:398,406,_ZNSt10unique_ptrINSt10filesystem7__cxx114path5_List5_ImplENS3_13_Impl_deleterEED2Ev
FN:398,406,_ZNSt10unique_ptrINSt7__cxx1112basic_stringIcSt11char_traitsIcESaIcEEESt14default_deleteIS5_EED2Ev
FN:398,406,_ZNSt10unique_ptrINSt7__cxx1118basic_stringstreamIcSt11char_traitsIcESaIcEEESt14default_deleteIS5_EED2Ev
FN:451,455,_ZNKSt10unique_ptrINSt7__cxx1118basic_stringstreamIcSt11char_traitsIcESaIcEEESt14default_deleteIS5_EEdeEv
FN:469,470,_ZNKSt10unique_ptrINSt7__cxx1118basic_stringstreamIcSt11char_traitsIcESaIcEEESt14default_deleteIS5_EE3getEv
FN:475,476,_ZNSt10unique_ptrINSt10filesystem7__cxx114path5_List5_ImplENS3_13_Impl_deleterEE11get_deleterEv
FN:475,476,_ZNSt10unique_ptrINSt7__cxx1112basic_stringIcSt11char_traitsIcESaIcEEESt14default_deleteIS5_EE11get_deleterEv
FN:475,476,_ZNSt10unique_ptrINSt7__cxx1118basic_stringstreamIcSt11char_traitsIcESaIcEEESt14default_deleteIS5_EE11get_deleterEv
FN:93,100,_ZNKSt14default_deleteINSt7__cxx1112basic_stringIcSt11char_traitsIcESaIcEEEEclEPS5_
FN:93,100,_ZNKSt14default_deleteINSt7__cxx1118basic_stringstreamIcSt11char_traitsIcESaIcEEEEclEPS5_
FNDA:2,_ZNSt15__uniq_ptr_implINSt7__cxx1112basic_stringIcSt11char_traitsIcESaIcEEESt14default_deleteIS5_EEC2Ev
FNDA:14,_ZNSt15__uniq_ptr_implINSt10filesystem7__cxx114path5_List5_ImplENS3_13_Impl_deleterEE6_M_ptrEv
FNDA:2,_ZNSt15__uniq_ptr_implINSt7__cxx1112basic_stringIcSt11char_traitsIcESaIcEEESt14default_deleteIS5_EE6_M_ptrEv
FNDA:108,_ZNSt15__uniq_ptr_implINSt7__cxx1118basic_stringstreamIcSt11char_traitsIcESaIcEEESt14default_deleteIS5_EE6_M_ptrEv
FNDA:576,_ZNKSt15__uniq_ptr_implINSt7__cxx1118basic_stringstreamIcSt11char_traitsIcESaIcEEESt14default_deleteIS5_EE6_M_ptrEv
FNDA:14,_ZNSt15__uniq_ptr_implINSt10filesystem7__cxx114path5_List5_ImplENS3_13_Impl_deleterEE10_M_deleterEv
FNDA:0,_ZNSt15__uniq_ptr_implINSt7__cxx1112basic_stringIcSt11char_traitsIcESaIcEEESt14default_deleteIS5_EE10_M_deleterEv
FNDA:54,_ZNSt15__uniq_ptr_implINSt7__cxx1118basic_stringstreamIcSt11char_traitsIcESaIcEEESt14default_deleteIS5_EE10_M_deleterEv
FNDA:2,_ZNSt10unique_ptrINSt7__cxx1112basic_stringIcSt11char_traitsIcESaIcEEESt14default_deleteIS5_EEC2IS7_vEEv
FNDA:14,_ZNSt10unique_ptrINSt10filesystem7__cxx114path5_List5_ImplENS3_13_Impl_deleterEED2Ev
FNDA:2,_ZNSt10unique_ptrINSt7__cxx1112basic_stringIcSt11char_traitsIcESaIcEEESt14default_deleteIS5_EED2Ev
FNDA:54,_ZNSt10unique_ptrINSt7__cxx1118basic_stringstreamIcSt11char_traitsIcESaIcEEESt14default_deleteIS5_EED2Ev
FNDA:522,_ZNKSt10unique_ptrINSt7__cxx1118basic_stringstreamIcSt11char_traitsIcESaIcEEESt14default_deleteIS5_EEdeEv
FNDA:576,_ZNKSt10unique_ptrINSt7__cxx1118basic_stringstreamIcSt11char_traitsIcESaIcEEESt14default_deleteIS5_EE3getEv
FNDA:14,_ZNSt10unique_ptrINSt10filesystem7__cxx114path5_List5_ImplENS3_13_Impl_deleterEE11get_deleterEv
FNDA:0,_ZNSt10unique_ptrINSt7__cxx1112basic_stringIcSt11char_traitsIcESaIcEEESt14default_deleteIS5_EE11get_deleterEv
FNDA:54,_ZNSt10unique_ptrINSt7__cxx1118basic_stringstreamIcSt11char_traitsIcESaIcEEESt14default_deleteIS5_EE11get_deleterEv
FNDA:0,_ZNKSt14default_deleteINSt7__cxx1112basic_stringIcSt11char_traitsIcESaIcEEEEclEPS5_
FNDA:54,_ZNKSt14default_deleteINSt7__cxx1118basic_stringstreamIcSt11char_traitsIcESaIcEEEEclEPS5_
FNF:19
FNH:16
DA:93,54
DA:99,54
DA:100,54
DA:174,2
DA:197,124
DA:199,576
DA:201,68
DA:304,2
DA:305,2
DA:306,2
DA:398,70
DA:402,70
DA:403,70
DA:404,68
DA:405,70
DA:406,70
DA:451,522
DA:453,522
DA:454,522
DA:469,576
DA:470,576
DA:475,68
DA:476,68
LF:23
LH:23
end_of_record
TN:
SF:/usr/include/c++/13/ext/alloc_traits.h
FNF:0
FNH:0
DA:98,4
LF:1
LH:1
end_of_record
TN:
SF:/usr/include/c++/13/string_view
FN:229,230,_ZNKSt17basic_string_viewIcSt11char_traitsIcEE4sizeEv
FN:289,290,_ZNKSt17basic_string_viewIcSt11char_traitsIcEE4dataEv
FNDA:0,_ZNKSt17basic_string_viewIcSt11char_traitsIcEE4sizeEv
FNDA:0,_ZNKSt17basic_string_viewIcSt11char_traitsIcEE4dataEv
FNF:2
FNH:0
DA:229,0
DA:230,0
DA:289,0
DA:290,0
LF:4
LH:0
end_of_record
TN:
SF:/usr/include/c++/13/tuple
FN:125,125,_ZNSt10_Head_baseILm1ENSt10filesystem7__cxx114path5_List13_Impl_deleterELb1EE7_M_headERS5_
FN:125,125,_ZNSt10_Head_baseILm1ESt14default_deleteINSt7__cxx1112basic_stringIcSt11char_traitsIcESaIcEEEELb1EE7_M_headERS8_
FN:125,125,_ZNSt10_Head_baseILm1ESt14default_deleteINSt7__cxx1118basic_stringstreamIcSt11char_traitsIcESaIcEEEELb1EE7_M_headERS8_
FN:1317,1319,_ZNSt5tupleIJPNSt7__cxx1112basic_stringIcSt11char_traitsIcESaIcEEESt14default_deleteIS5_EEEC2ILb1ELb1EEEv
FN:1787,1788,_ZSt12__get_helperILm0EPNSt10filesystem7__cxx114path5_List5_ImplEJNS3_13_Impl_deleterEEERT0_RSt11_Tuple_implIXT_EJS7_DpT1_EE
FN:1787,1788,_ZSt12__get_helperILm0EPNSt7__cxx1112basic_stringIcSt11char_traitsIcESaIcEEEJSt14default_deleteIS5_EEERT0_RSt11_Tuple_implIXT_EJS9_DpT1_EE
FN:1787,1788,_ZSt12__get_helperILm0EPNSt7__cxx1118basic_stringstreamIcSt11char_traitsIcESaIcEEEJSt14default_deleteIS5_EEERT0_RSt11_Tuple_implIXT_EJS9_DpT1_EE
FN:1787,1788,_ZSt12__get_helperILm1ENSt10filesystem7__cxx114path5_List13_Impl_deleterEJEERT0_RSt11_Tuple_implIXT_EJS5_DpT1_EE
FN:1787,1788,_ZSt12__get_helperILm1ESt14default_deleteINSt7__cxx1112basic_stringIcSt11char_traitsIcESaIcEEEEJEERT0_RSt11_Tuple_implIXT_EJS8_DpT1_EE
FN:1787,1788,_ZSt12__get_helperILm1ESt14default_deleteINSt7__cxx1118basic_stringstreamIcSt11char_traitsIcESaIcEEEEJEERT0_RSt11_Tuple_implIXT_EJS8_DpT1_EE
FN:1792,1793,_ZSt12__get_helperILm0EPNSt7__cxx1118basic_stringstreamIcSt11char_traitsIcESaIcEEEJSt14default_deleteIS5_EEERKT0_RKSt11_Tuple_implIXT_EJS9_DpT1_EE
FN:1803,1804,_ZSt3getILm0EJPNSt10filesystem7__cxx114path5_List5_ImplENS3_13_Impl_deleterEEERNSt13tuple_elementIXT_ESt5tupleIJDpT0_EEE4typeERSB_
FN:1803,1804,_ZSt3getILm0EJPNSt7__cxx1112basic_stringIcSt11char_traitsIcESaIcEEESt14default_deleteIS5_EEERNSt13tuple_elementIXT_ESt5tupleIJDpT0_EEE4typeERSD_
FN:1803,1804,_ZSt3getILm0EJPNSt7__cxx1118basic_stringstreamIcSt11char_traitsIcESaIcEEESt14default_deleteIS5_EEERNSt13tuple_elementIXT_ESt5tupleIJDpT0_EEE4typeERSD_
FN:1803,1804,_ZSt3getILm1EJPNSt10filesystem7__cxx114path5_List5_ImplENS3_13_Impl_deleterEEERNSt13tuple_elementIXT_ESt5tupleIJDpT0_EEE4typeERSB_
FN:1803,1804,_ZSt3getILm1EJPNSt7__cxx1112basic_stringIcSt11char_traitsIcESaIcEEESt14default_deleteIS5_EEERNSt13tuple_elementIXT_ESt5tupleIJDpT0_EEE4typeERSD_
FN:1803,1804,_ZSt3getILm1EJPNSt7__cxx1118basic_stringstreamIcSt11char_traitsIcESaIcEEESt14default_deleteIS5_EEERNSt13tuple_elementIXT_ESt5tupleIJDpT0_EEE4typeERSD_
FN:1809,1810,_ZSt3getILm0EJPNSt7__cxx1118basic_stringstreamIcSt11char_traitsIcESaIcEEESt14default_deleteIS5_EEERKNSt13tuple_elementIXT_ESt5tupleIJDpT0_EEE4typeERKSD_
FN:190,191,_ZNSt10_Head_baseILm0EPNSt7__cxx1112basic_stringIcSt11char_traitsIcESaIcEEELb0EEC2Ev
FN:234,234,_ZNSt10_Head_baseILm0EPNSt10filesystem7__cxx114path5_List5_ImplELb0EE7_M_headERS6_
FN:234,234,_ZNSt10_Head_baseILm0EPNSt7__cxx1112basic_stringIcSt11char_traitsIcESaIcEEELb0EE7_M_headERS7_
FN:234,234,_ZNSt10_Head_baseILm0EPNSt7__cxx1118basic_stringstreamIcSt11char_traitsIcESaIcEEELb0EE7_M_headERS7_
FN:237,237,_ZNSt10_Head_baseILm0EPNSt7__cxx1118basic_stringstreamIcSt11char_traitsIcESaIcEEELb0EE7_M_headERKS7_
FN:269,269,_ZNSt11_Tuple_implILm0EJPNSt10filesystem7__cxx114path5_List5_ImplENS3_13_Impl_deleterEEE7_M_headERS7_
FN:269,269,_ZNSt11_Tuple_implILm0EJPNSt7__cxx1112basic_stringIcSt11char_traitsIcESaIcEEESt14default_deleteIS5_EEE7_M_headERS9_
FN:269,269,_ZNSt11_Tuple_implILm0EJPNSt7__cxx1118basic_stringstreamIcSt11char_traitsIcESaIcEEESt14default_deleteIS5_EEE7_M_headERS9_
FN:272,272,_ZNSt11_Tuple_implILm0EJPNSt7__cxx1118basic_stringstreamIcSt11char_traitsIcESaIcEEESt14default_deleteIS5_EEE7_M_headERKS9_
FN:280,281,_ZNSt11_Tuple_implILm0EJPNSt7__cxx1112basic_stringIcSt11char_traitsIcESaIcEEESt14default_deleteIS5_EEEC2Ev
FN:497,497,_ZNSt11_Tuple_implILm1EJNSt10filesystem7__cxx114path5_List13_Impl_deleterEEE7_M_headERS5_
FN:497,497,_ZNSt11_Tuple_implILm1EJSt14default_deleteINSt7__cxx1112basic_stringIcSt11char_traitsIcESaIcEEEEEE7_M_headERS8_
FN:497,497,_ZNSt11_Tuple_implILm1EJSt14default_deleteINSt7__cxx1118basic_stringstreamIcSt11char_traitsIcESaIcEEEEEE7_M_headERS8_
FN:503,504,_ZNSt11_Tuple_implILm1EJSt14default_deleteINSt7__cxx1112basic_stringIcSt11char_traitsIcESaIcEEEEEEC2Ev
FN:81,82,_ZNSt10_Head_baseILm1ESt14default_deleteINSt7__cxx1112basic_stringIcSt11char_traitsIcESaIcEEEELb1EEC2Ev
FNDA:14,_ZNSt10_Head_baseILm1ENSt10filesystem7__cxx114path5_List13_Impl_deleterELb1EE7_M_headERS5_
FNDA:0,_ZNSt10_Head_baseILm1ESt14default_deleteINSt7__cxx1112basic_stringIcSt11char_traitsIcESaIcEEEELb1EE7_M_headERS8_
FNDA:54,_ZNSt10_Head_baseILm1ESt14default_deleteINSt7__cxx1118basic_stringstreamIcSt11char_traitsIcESaIcEEEELb1EE7_M_headERS8_
FNDA:2,_ZNSt5tupleIJPNSt7__cxx1112basic_stringIcSt11char_traitsIcESaIcEEESt14default_deleteIS5_EEEC2ILb1ELb1EEEv
FNDA:14,_ZSt12__get_helperILm0EPNSt10filesystem7__cxx114path5_List5_ImplEJNS3_13_Impl_deleterEEERT0_RSt11_Tuple_implIXT_EJS7_DpT1_EE
FNDA:2,_ZSt12__get_helperILm0EPNSt7__cxx1112basic_stringIcSt11char_traitsIcESaIcEEEJSt14default_deleteIS5_EEERT0_RSt11_Tuple_implIXT_EJS9_DpT1_EE
FNDA:108,_ZSt12__get_helperILm0EPNSt7__cxx1118basic_stringstreamIcSt11char_traitsIcESaIcEEEJSt14default_deleteIS5_EEERT0_RSt11_Tuple_implIXT_EJS9_DpT1_EE
FNDA:14,_ZSt12__get_helperILm1ENSt10filesystem7__cxx114path5_List13_Impl_deleterEJEERT0_RSt11_Tuple_implIXT_EJS5_DpT1_EE
FNDA:0,_ZSt12__get_helperILm1ESt14default_deleteINSt7__cxx1112basic_stringIcSt11char_traitsIcESaIcEEEEJEERT0_RSt11_Tuple_implIXT_EJS8_DpT1_EE
FNDA:54,_ZSt12__get_helperILm1ESt14default_deleteINSt7__cxx1118basic_stringstreamIcSt11char_traitsIcESaIcEEEEJEERT0_RSt11_Tuple_implIXT_EJS8_DpT1_EE
FNDA:576,_ZSt12__get_helperILm0EPNSt7__cxx1118basic_stringstreamIcSt11char_traitsIcESaIcEEEJSt14default_deleteIS5_EEERKT0_RKSt11_Tuple_implIXT_EJS9_DpT1_EE
FNDA:14,_ZSt3getILm0EJPNSt10filesystem7__cxx114path5_List5_ImplENS3_13_Impl_deleterEEERNSt13tuple_elementIXT_ESt5tupleIJDpT0_EEE4typeERSB_
FNDA:2,_ZSt3getILm0EJPNSt7__cxx1112basic_stringIcSt11char_traitsIcESaIcEEESt14default_deleteIS5_EEERNSt13tuple_elementIXT_ESt5tupleIJDpT0_EEE4typeERSD_
FNDA:108,_ZSt3getILm0EJPNSt7__cxx1118basic_stringstreamIcSt11char_traitsIcESaIcEEESt14default_deleteIS5_EEERNSt13tuple_elementIXT_ESt5tupleIJDpT0_EEE4typeERSD_
FNDA:14,_ZSt3getILm1EJPNSt10filesystem7__cxx114path5_List5_ImplENS3_13_Impl_deleterEEERNSt13tuple_elementIXT_ESt5tupleIJDpT0_EEE4typeERSB_
FNDA:0,_ZSt3getILm1EJPNSt7__cxx1112basic_stringIcSt11char_traitsIcESaIcEEESt14default_deleteIS5_EEERNSt13tuple_elementIXT_ESt5tupleIJDpT0_EEE4typeERSD_
FNDA:54,_ZSt3getILm1EJPNSt7__cxx1118basic_stringstreamIcSt11char_traitsIcESaIcEEESt14default_deleteIS5_EEERNSt13tuple_elementIXT_ESt5tupleIJDpT0_EEE4typeERSD_
FNDA:576,_ZSt3getILm0EJPNSt7__cxx1118basic_stringstreamIcSt11char_traitsIcESaIcEEESt14default_deleteIS5_EEERKNSt13tuple_elementIXT_ESt5tupleIJDpT0_EEE4typeERKSD_
FNDA:2,_ZNSt10_Head_baseILm0EPNSt7__cxx1112basic_stringIcSt11char_traitsIcESaIcEEELb0EEC2Ev
FNDA:14,_ZNSt10_Head_baseILm0EPNSt10filesystem7__cxx114path5_List5_ImplELb0EE7_M_headERS6_
FNDA:2,_ZNSt10_Head_baseILm0EPNSt7__cxx1112basic_stringIcSt11char_traitsIcESaIcEEELb0EE7_M_headERS7_
FNDA:108,_ZNSt10_Head_baseILm0EPNSt7__cxx1118basic_stringstreamIcSt11char_traitsIcESaIcEEELb0EE7_M_headERS7_
FNDA:576,_ZNSt10_Head_baseILm0EPNSt7__cxx1118basic_stringstreamIcSt11char_traitsIcESaIcEEELb0EE7_M_headERKS7_
FNDA:14,_ZNSt11_Tuple_implILm0EJPNSt10filesystem7__cxx114path5_List5_ImplENS3_13_Impl_deleterEEE7_M_headERS7_
FNDA:2,_ZNSt11_Tuple_implILm0EJPNSt7__cxx1112basic_stringIcSt11char_traitsIcESaIcEEESt14default_deleteIS5_EEE7_M_headERS9_
FNDA:108,_ZNSt11_Tuple_implILm0EJPNSt7__cxx1118basic_stringstreamIcSt11char_traitsIcESaIcEEESt14default_deleteIS5_EEE7_M_headERS9_
FNDA:576,_ZNSt11_Tuple_implILm0EJPNSt7__cxx1118basic_stringstreamIcSt11char_traitsIcESaIcEEESt14default_deleteIS5_EEE7_M_headERKS9_
FNDA:2,_ZNSt11_Tuple_implILm0EJPNSt7__cxx1112basic_stringIcSt11char_traitsIcESaIcEEESt14default_deleteIS5_EEEC2Ev
FNDA:14,_ZNSt11_Tuple_implILm1EJNSt10filesystem7__cxx114path5_List13_Impl_deleterEEE7_M_headERS5_
FNDA:0,_ZNSt11_Tuple_implILm1EJSt14default_deleteINSt7__cxx1112basic_stringIcSt11char_traitsIcESaIcEEEEEE7_M_headERS8_
FNDA:54,_ZNSt11_Tuple_implILm1EJSt14default_deleteINSt7__cxx1118basic_stringstreamIcSt11char_traitsIcESaIcEEEEEE7_M_headERS8_
FNDA:2,_ZNSt11_Tuple_implILm1EJSt14default_deleteINSt7__cxx1112basic_stringIcSt11char_traitsIcESaIcEEEEEEC2Ev
FNDA:2,_ZNSt10_Head_baseILm1ESt14default_deleteINSt7__cxx1112basic_stringIcSt11char_traitsIcESaIcEEEELb1EEC2Ev
FNF:33
FNH:29
DA:81,2
DA:82,2
DA:125,68
DA:190,2
DA:191,2
DA:234,124
DA:237,576
DA:269,124
DA:272,576
DA:280,2
DA:281,2
DA:497,68
DA:503,2
DA:504,2
DA:1317,2
DA:1319,2
DA:1787,192
DA:1788,192
DA:1792,576
DA:1793,576
DA:1803,192
DA:1804,192
DA:1809,576
DA:1810,576
LF:24
LH:24
end_of_record
TN:
SF:/usr/include/gtest/gtest-assertion-result.h
FN:155,161,_ZN7testing15AssertionResultC2IbEERKT_PNSt9enable_ifIXntsrSt14is_convertibleIS2_S0_E5valueEvE4typeE
FN:174,174,_ZNK7testing15AssertionResultcvbEv
FNDA:2,_ZN7testing15AssertionResultC2IbEERKT_PNSt9enable_ifIXntsrSt14is_convertibleIS2_S0_E5valueEvE4typeE
FNDA:2,_ZNK7testing15AssertionResultcvbEv
FNF:2
FNH:2
DA:155,2
DA:161,2
DA:174,2
LF:3
LH:3
end_of_record
TN:
SF:/usr/include/gtest/gtest-message.h
FN:132,150,_ZN7testing7MessagelsIA29_cEERS0_RKT_
FN:132,150,_ZN7testing7MessagelsIA38_cEERS0_RKT_
FN:132,150,_ZN7testing7MessagelsIA45_cEERS0_RKT_
FNDA:0,_ZN7testing7MessagelsIA29_cEERS0_RKT_
FNDA:0,_ZN7testing7MessagelsIA38_cEERS0_RKT_
FNDA:0,_ZN7testing7MessagelsIA45_cEERS0_RKT_
FNF:3
FNH:0
DA:132,0
DA:148,0
DA:149,0
LF:3
LH:0
end_of_record
TN:
SF:/usr/include/gtest/gtest.h
FN:256,256,_ZN7testing4Test14SetUpTestSuiteEv
FN:264,264,_ZN7testing4Test17TearDownTestSuiteEv
FN:269,269,_ZN7testing4Test16TearDownTestCaseEv
FN:270,270,_ZN7testing4Test13SetUpTestCaseEv
FN:357,357,_ZN7testing4Test5SetupEv
FNDA:0,_ZN7testing4Test14SetUpTestSuiteEv
FNDA:0,_ZN7testing4Test17TearDownTestSuiteEv
FNDA:0,_ZN7testing4Test16TearDownTestCaseEv
FNDA:0,_ZN7testing4Test13SetUpTestCaseEv
FNDA:0,_ZN7testing4Test5SetupEv
FNF:5
FNH:0
DA:256,0
DA:264,0
DA:269,0
DA:270,0
DA:357,0
LF:5
LH:0
end_of_record
TN:
SF:/usr/include/gtest/internal/gtest-internal.h
FN:438,438,_ZN7testing8internal15TestFactoryBaseD0Ev
FN:438,438,_ZN7testing8internal15TestFactoryBaseD2Ev
FN:445,445,_ZN7testing8internal15TestFactoryBaseC2Ev
FN:457,457,_ZN7testing8internal15TestFactoryImplI27LoggerTest_LogRotation_TestE10CreateTestEv
FN:457,457,_ZN7testing8internal15TestFactoryImplI28LoggerTest_WritesToFile_TestE10CreateTestEv
FN:478,479,_ZN7testing8internal12CodeLocationC2ERKNSt7__cxx1112basic_stringIcSt11char_traitsIcESaIcEEEi
FN:491,494,_ZN7testing8internal19GetNotDefaultOrNullEPFvvES2_
FN:506,525,_ZN7testing8internal16SuiteApiResolverINS_4TestEE19GetSetUpCaseOrSuiteEPKci
FN:527,546,_ZN7testing8internal16SuiteApiResolverINS_4TestEE22GetTearDownCaseOrSuiteEPKci
FNDA:0,_ZN7testing8internal15TestFactoryBaseD0Ev
FNDA:2,_ZN7testing8internal15TestFactoryBaseD2Ev
FNDA:2,_ZN7testing8internal15TestFactoryBaseC2Ev
FNDA:1,_ZN7testing8internal15TestFactoryImplI27LoggerTest_LogRotation_TestE10CreateTestEv
FNDA:1,_ZN7testing8internal15TestFactoryImplI28LoggerTest_WritesToFile_TestE10CreateTestEv
FNDA:2,_ZN7testing8internal12CodeLocationC2ERKNSt7__cxx1112basic_stringIcSt11char_traitsIcESaIcEEEi
FNDA:8,_ZN7testing8internal19GetNotDefaultOrNullEPFvvES2_
FNDA:2,_ZN7testing8internal16SuiteApiResolverINS_4TestEE19GetSetUpCaseOrSuiteEPKci
FNDA:2,_ZN7testing8internal16SuiteApiResolverINS_4TestEE22GetTearDownCaseOrSuiteEPKci
FNF:9
FNH:8
DA:438,2
DA:445,2
DA:457,2
DA:478,2
DA:479,2
DA:491,8
DA:493,8
DA:506,2
DA:510,2
DA:512,2
DA:514,2
DA:517,0
DA:519,2
DA:527,2
DA:531,2
DA:533,2
DA:535,2
DA:538,0
DA:540,2
LF:19
LH:17
end_of_record
TN:
SF:/usr/include/gtest/internal/gtest-port.h
FN:1042,1042,_ZN7testing8internal8GTestLog9GetStreamEv
FNDA:0,_ZN7testing8internal8GTestLog9GetStreamEv
FNF:1
FNH:0
DA:1042,0
LF:1
LH:0
end_of_record
TN:
SF:/usr/include/x86_64-linux-gnu/c++/13/bits/c++config.h
FN:540,551,_ZSt23__is_constant_evaluatedv
FNDA:573,_ZSt23__is_constant_evaluatedv
FNF:1
FNH:1
DA:540,573
DA:547,573
LF:2
LH:2
end_of_record
TN:
SF:/usr/include/x86_64-linux-gnu/c++/13/bits/gthr-default.h
FN:300,303,_ZL18__gthread_active_pv
FN:746,752,_ZL20__gthread_mutex_lockP15pthread_mutex_t
FN:776,782,_ZL22__gthread_mutex_unlockP15pthread_mutex_t
FNDA:12,_ZL18__gthread_active_pv
FNDA:6,_ZL20__gthread_mutex_lockP15pthread_mutex_t
FNDA:6,_ZL22__gthread_mutex_unlockP15pthread_mutex_t
FNF:3
FNH:3
DA:300,12
DA:302,12
DA:746,6
DA:748,6
DA:749,6
DA:751,0
DA:776,6
DA:778,6
DA:779,6
DA:781,0
LF:10
LH:8
end_of_record
