TN:
SF:/home/runner/work/Logger/Logger/Logger.cpp
FN:10,11,_ZN6LoggerC2Ev
FN:123,130,_ZN6Logger19setLogFileSizeLimitERKm
FN:13,17,_ZN6LoggerD2Ev
FN:132,135,_ZN6Logger18currectLogFilenameB5cxx11Ev
FN:137,156,_ZN6Logger20logFileNameGeneratorB5cxx11Ev
FN:158,170,_ZN6Logger13rotateLogFileEv
FN:19,27,_ZN6Logger10setLogFileERKNSt7__cxx1112basic_stringIcSt11char_traitsIcESaIcEEE
FN:29,33,_ZN6Logger5closeEv
FN:36,39,_ZN6Logger15setMaxSizeOfLogERKm
FN:41,43,_ZN6Logger11setLogLevelE8LogLevel
FN:45,60,_ZN6Logger15setPathToLogDirERKNSt7__cxx1112basic_stringIcSt11char_traitsIcESaIcEEE
FN:5,8,_ZN6Logger11getInstanceEv
FN:62,70,_ZN6Logger16showOnlyOneLevelEb8LogLevel
FN:72,92,_ZN6Logger17getLogLevelStringB5cxx11E8LogLevel
FN:94,121,_ZN6Logger3logERKNSt7__cxx1112basic_stringIcSt11char_traitsIcESaIcEEE8LogLevel
FNDA:1,_ZN6LoggerC2Ev
FNDA:0,_ZN6Logger19setLogFileSizeLimitERKm
FNDA:1,_ZN6LoggerD2Ev
FNDA:1,_ZN6Logger18currectLogFilenameB5cxx11Ev
FNDA:1,_ZN6Logger20logFileNameGeneratorB5cxx11Ev
FNDA:104,_ZN6Logger13rotateLogFileEv
FNDA:6,_ZN6Logger10setLogFileERKNSt7__cxx1112basic_stringIcSt11char_traitsIcESaIcEEE
FNDA:5,_ZN6Logger5closeEv
FNDA:2,_ZN6Logger15setMaxSizeOfLogERKm
FNDA:5,_ZN6Logger11setLogLevelE8LogLevel
FNDA:2,_ZN6Logger15setPathToLogDirERKNSt7__cxx1112basic_stringIcSt11char_traitsIcESaIcEEE
FNDA:5,_ZN6Logger11getInstanceEv
FNDA:1,_ZN6Logger16showOnlyOneLevelEb8LogLevel
FNDA:104,_ZN6Logger17getLogLevelStringB5cxx11E8LogLevel
FNDA:108,_ZN6Logger3logERKNSt7__cxx1112basic_stringIcSt11char_traitsIcESaIcEEE8LogLevel
FNF:15
FNH:14
DA:5,5
DA:6,5
DA:7,5
DA:10,3
DA:11,1
DA:13,1
DA:14,1
DA:15,0
DA:17,1
DA:19,6
DA:22,6
DA:23,0
DA:25,6
DA:26,6
DA:27,6
DA:29,5
DA:30,5
DA:31,5
DA:33,5
DA:36,2
DA:38,2
DA:39,2
DA:41,5
DA:42,5
DA:43,5
DA:45,2
DA:47,2
DA:51,0
DA:53,0
DA:55,0
DA:56,0
DA:59,2
DA:60,2
DA:62,1
DA:64,1
DA:66,1
DA:69,1
DA:70,1
DA:72,104
DA:74,104
DA:75,104
DA:76,0
DA:77,0
DA:78,0
DA:79,0
DA:80,0
DA:81,0
DA:82,0
DA:83,102
DA:84,0
DA:85,1
DA:86,1
DA:87,0
DA:88,0
DA:91,104
DA:92,0
DA:94,108
DA:95,108
DA:96,3
DA:97,4
DA:101,105
DA:102,2
DA:106,104
DA:107,104
DA:109,104
DA:111,104
DA:113,104
DA:115,104
DA:116,104
DA:120,104
DA:121,104
DA:123,0
DA:125,0
DA:127,0
DA:130,0
DA:132,1
DA:134,1
DA:137,1
DA:139,1
DA:141,1
DA:143,3
DA:145,1
DA:147,0
DA:148,0
DA:152,1
DA:155,2
DA:156,0
DA:158,104
DA:160,104
DA:161,1
DA:164,103
DA:165,1
DA:167,1
DA:168,1
DA:169,1
LF:95
LH:71
end_of_record
