TN:
SF:/home/runner/work/Logger/Logger/Logger.cpp
FN:10,13,_ZN6LoggerC2Ev
FN:109,116,_ZN6Logger19setLogFileSizeLimitERKm
FN:118,121,_ZN6Logger18currectLogFilenameB5cxx11Ev
FN:123,142,_ZN6Logger20logFileNameGeneratorB5cxx11Ev
FN:144,156,_ZN6Logger13rotateLogFileEv
FN:15,19,_ZN6LoggerD2Ev
FN:21,27,_ZN6Logger10setLogFileERKNSt7__cxx1112basic_stringIcSt11char_traitsIcESaIcEEE
FN:29,33,_ZN6Logger5closeEv
FN:36,39,_ZN6Logger15setMaxSizeOfLogERKm
FN:41,43,_ZN6Logger11setLogLevelE8LogLevel
FN:45,62,_ZN6Logger15setPathToLogDirERKNSt7__cxx1112basic_stringIcSt11char_traitsIcESaIcEEE
FN:5,8,_ZN6Logger11getInstanceEv
FN:64,72,_ZN6Logger16showOnlyOneLevelEb8LogLevel
FN:74,107,_ZN6Logger3logERKNSt7__cxx1112basic_stringIcSt11char_traitsIcESaIcEEE8LogLevel
FNDA:1,_ZN6LoggerC2Ev
FNDA:0,_ZN6Logger19setLogFileSizeLimitERKm
FNDA:1,_ZN6Logger18currectLogFilenameB5cxx11Ev
FNDA:1,_ZN6Logger20logFileNameGeneratorB5cxx11Ev
FNDA:102,_ZN6Logger13rotateLogFileEv
FNDA:1,_ZN6LoggerD2Ev
FNDA:5,_ZN6Logger10setLogFileERKNSt7__cxx1112basic_stringIcSt11char_traitsIcESaIcEEE
FNDA:3,_ZN6Logger5closeEv
FNDA:2,_ZN6Logger15setMaxSizeOfLogERKm
FNDA:3,_ZN6Logger11setLogLevelE8LogLevel
FNDA:0,_ZN6Logger15setPathToLogDirERKNSt7__cxx1112basic_stringIcSt11char_traitsIcESaIcEEE
FNDA:3,_ZN6Logger11getInstanceEv
FNDA:0,_ZN6Logger16showOnlyOneLevelEb8LogLevel
FNDA:104,_ZN6Logger3logERKNSt7__cxx1112basic_stringIcSt11char_traitsIcESaIcEEE8LogLevel
FNF:14
FNH:11
DA:5,3
DA:6,3
DA:7,3
DA:10,3
DA:11,1
DA:12,1
DA:13,1
DA:15,1
DA:16,1
DA:17,0
DA:19,1
DA:21,5
DA:22,5
DA:23,1
DA:25,5
DA:26,5
DA:27,5
DA:29,3
DA:30,3
DA:31,3
DA:33,3
DA:36,2
DA:38,2
DA:39,2
DA:41,3
DA:42,3
DA:43,3
DA:45,0
DA:47,0
DA:51,0
DA:53,0
DA:55,0
DA:56,0
DA:60,0
DA:62,0
DA:64,0
DA:66,0
DA:68,0
DA:71,0
DA:72,0
DA:74,104
DA:75,104
DA:76,0
DA:77,0
DA:81,104
DA:82,2
DA:86,102
DA:87,102
DA:89,102
DA:91,102
DA:92,102
DA:93,101
DA:94,0
DA:95,1
DA:96,0
DA:99,204
DA:101,102
DA:102,102
DA:106,102
DA:107,102
DA:109,0
DA:111,0
DA:113,0
DA:116,0
DA:118,1
DA:120,1
DA:123,1
DA:125,1
DA:127,1
DA:129,3
DA:131,1
DA:133,0
DA:134,0
DA:138,1
DA:141,2
DA:142,0
DA:144,102
DA:146,102
DA:147,0
DA:150,102
DA:151,1
DA:153,1
DA:154,1
DA:155,1
LF:84
LH:58
end_of_record
TN:
SF:/home/runner/work/Logger/Logger/tests/test_logger.cpp
FN:35,35,_ZN27LoggerTest_LogRotation_Test8TestBodyEv
FN:35,35,_ZN27LoggerTest_LogRotation_TestC2Ev
FN:35,35,_ZN27LoggerTest_LogRotation_TestD0Ev
FN:35,35,_ZN27LoggerTest_LogRotation_TestD2Ev
FN:53,53,_ZN33LoggerTest_LogLevelFiltering_Test8TestBodyEv
FN:53,53,_ZN33LoggerTest_LogLevelFiltering_TestC2Ev
FN:53,53,_ZN33LoggerTest_LogLevelFiltering_TestD0Ev
FN:53,53,_ZN33LoggerTest_LogLevelFiltering_TestD2Ev
FN:7,7,_ZN28LoggerTest_WritesToFile_Test8TestBodyEv
FN:7,7,_ZN28LoggerTest_WritesToFile_TestC2Ev
FN:7,7,_ZN28LoggerTest_WritesToFile_TestD0Ev
FN:7,7,_ZN28LoggerTest_WritesToFile_TestD2Ev
FNDA:1,_ZN27LoggerTest_LogRotation_Test8TestBodyEv
FNDA:1,_ZN27LoggerTest_LogRotation_TestC2Ev
FNDA:1,_ZN27LoggerTest_LogRotation_TestD0Ev
FNDA:1,_ZN27LoggerTest_LogRotation_TestD2Ev
FNDA:1,_ZN33LoggerTest_LogLevelFiltering_Test8TestBodyEv
FNDA:1,_ZN33LoggerTest_LogLevelFiltering_TestC2Ev
FNDA:1,_ZN33LoggerTest_LogLevelFiltering_TestD0Ev
FNDA:1,_ZN33LoggerTest_LogLevelFiltering_TestD2Ev
FNDA:1,_ZN28LoggerTest_WritesToFile_Test8TestBodyEv
FNDA:1,_ZN28LoggerTest_WritesToFile_TestC2Ev
FNDA:1,_ZN28LoggerTest_WritesToFile_TestD0Ev
FNDA:1,_ZN28LoggerTest_WritesToFile_TestD2Ev
FNF:12
FNH:12
DA:7,4
DA:8,1
DA:9,1
DA:10,1
DA:12,1
DA:13,1
DA:15,1
DA:16,1
DA:17,1
DA:19,1
DA:20,0
DA:23,1
DA:24,1
DA:25,1
DA:26,1
DA:30,1
DA:31,1
DA:32,1
DA:35,4
DA:36,1
DA:37,1
DA:38,1
DA:39,1
DA:41,101
DA:42,200
DA:45,1
DA:47,1
DA:48,1
DA:49,1
DA:50,1
DA:53,4
DA:54,1
DA:55,1
DA:56,1
DA:58,2
DA:59,2
DA:60,1
DA:62,1
DA:64,1
DA:65,1
DA:66,1
DA:68,1
DA:69,0
DA:72,3
DA:73,2
DA:74,2
DA:75,2
DA:78,1
DA:79,1
DA:80,1
DA:81,1
DA:82,1
LF:52
LH:50
end_of_record
TN:
SF:/usr/include/c++/13/bits/alloc_traits.h
FNF:0
FNH:0
DA:588,4
LF:1
LH:1
end_of_record
TN:
SF:/usr/include/c++/13/bits/allocator.h
FNF:0
FNH:0
DA:163,107
DA:168,4
DA:184,107
LF:3
LH:3
end_of_record
TN:
SF:/usr/include/c++/13/bits/basic_string.h
FN:3528,3541,_ZSt12__str_concatINSt7__cxx1112basic_stringIcSt11char_traitsIcESaIcEEEET_PKNS6_10value_typeENS6_9size_typeES9_SA_RKNS6_14allocator_typeE
FN:3553,3560,_ZStplIcSt11char_traitsIcESaIcEENSt7__cxx1112basic_stringIT_T0_T1_EERKS8_SA_
FN:3637,3639,_ZStplIcSt11char_traitsIcESaIcEENSt7__cxx1112basic_stringIT_T0_T1_EEOS8_RKS8_
FN:3651,3669,_ZStplIcSt11char_traitsIcESaIcEENSt7__cxx1112basic_stringIT_T0_T1_EEOS8_S9_
FN:3674,3676,_ZStplIcSt11char_traitsIcESaIcEENSt7__cxx1112basic_stringIT_T0_T1_EEPKS5_OS8_
FN:3688,3690,_ZStplIcSt11char_traitsIcESaIcEENSt7__cxx1112basic_stringIT_T0_T1_EEOS8_PKS5_
FN:3727,3732,_ZSteqIcSt11char_traitsIcESaIcEEbRKNSt7__cxx1112basic_stringIT_T0_T1_EEPKS5_
FN:3815,3817,_ZStneIcSt11char_traitsIcESaIcEEbRKNSt7__cxx1112basic_stringIT_T0_T1_EEPKS5_
FN:4177,4185,_ZNSt7__cxx119to_stringEj
FN:641,650,_ZNSt7__cxx1112basic_stringIcSt11char_traitsIcESaIcEEC2IS3_EEPKcRKS3_
FN:664,666,_ZNSt7__cxx1112basic_stringIcSt11char_traitsIcESaIcEEC2IS3_EEmcRKS3_
FN:795,796,_ZNSt7__cxx1112basic_stringIcSt11char_traitsIcESaIcEEC2ISt17basic_string_viewIcS2_EvEERKT_RKS3_
FNDA:4,_ZSt12__str_concatINSt7__cxx1112basic_stringIcSt11char_traitsIcESaIcEEEET_PKNS6_10value_typeENS6_9size_typeES9_SA_RKNS6_14allocator_typeE
FNDA:1,_ZStplIcSt11char_traitsIcESaIcEENSt7__cxx1112basic_stringIT_T0_T1_EERKS8_SA_
FNDA:207,_ZStplIcSt11char_traitsIcESaIcEENSt7__cxx1112basic_stringIT_T0_T1_EEOS8_RKS8_
FNDA:1,_ZStplIcSt11char_traitsIcESaIcEENSt7__cxx1112basic_stringIT_T0_T1_EEOS8_S9_
FNDA:1,_ZStplIcSt11char_traitsIcESaIcEENSt7__cxx1112basic_stringIT_T0_T1_EEPKS5_OS8_
FNDA:424,_ZStplIcSt11char_traitsIcESaIcEENSt7__cxx1112basic_stringIT_T0_T1_EEOS8_PKS5_
FNDA:3,_ZSteqIcSt11char_traitsIcESaIcEEbRKNSt7__cxx1112basic_stringIT_T0_T1_EEPKS5_
FNDA:1,_ZStneIcSt11char_traitsIcESaIcEEbRKNSt7__cxx1112basic_stringIT_T0_T1_EEPKS5_
FNDA:1,_ZNSt7__cxx119to_stringEj
FNDA:243,_ZNSt7__cxx1112basic_stringIcSt11char_traitsIcESaIcEEC2IS3_EEPKcRKS3_
FNDA:1,_ZNSt7__cxx1112basic_stringIcSt11char_traitsIcESaIcEEC2IS3_EEmcRKS3_
FNDA:204,_ZNSt7__cxx1112basic_stringIcSt11char_traitsIcESaIcEEC2ISt17basic_string_viewIcS2_EvEERKT_RKS3_
FNF:12
FNH:12
DA:355,0
DA:641,243
DA:642,243
DA:645,243
DA:646,0
DA:648,243
DA:649,243
DA:650,243
DA:664,1
DA:665,1
DA:666,1
DA:795,204
DA:796,204
DA:3528,4
DA:3536,4
DA:3537,4
DA:3538,4
DA:3539,4
DA:3540,4
DA:3541,0
DA:3553,1
DA:3559,2
DA:3637,207
DA:3639,207
DA:3651,1
DA:3656,1
DA:3658,1
DA:3661,1
DA:3664,1
DA:3665,1
DA:3666,0
DA:3668,1
DA:3674,1
DA:3676,1
DA:3688,424
DA:3690,424
DA:3727,3
DA:3730,3
DA:3731,3
DA:3815,1
DA:3817,1
DA:4177,1
DA:4182,1
DA:4183,1
DA:4184,1
LF:45
LH:41
end_of_record
TN:
SF:/usr/include/c++/13/bits/basic_string.tcc
FN:221,252,_ZNSt7__cxx1112basic_stringIcSt11char_traitsIcESaIcEE12_M_constructIPKcEEvT_S8_St20forward_iterator_tag
FN:221,252,_ZNSt7__cxx1112basic_stringIcSt11char_traitsIcESaIcEE12_M_constructIPcEEvT_S7_St20forward_iterator_tag
FN:239,239,_ZZNSt7__cxx1112basic_stringIcSt11char_traitsIcESaIcEE12_M_constructIPKcEEvT_S8_St20forward_iterator_tagEN6_GuardC2EPS4_
FN:239,239,_ZZNSt7__cxx1112basic_stringIcSt11char_traitsIcESaIcEE12_M_constructIPcEEvT_S7_St20forward_iterator_tagEN6_GuardC2EPS4_
FN:242,242,_ZZNSt7__cxx1112basic_stringIcSt11char_traitsIcESaIcEE12_M_constructIPKcEEvT_S8_St20forward_iterator_tagEN6_GuardD2Ev
FN:242,242,_ZZNSt7__cxx1112basic_stringIcSt11char_traitsIcESaIcEE12_M_constructIPcEEvT_S7_St20forward_iterator_tagEN6_GuardD2Ev
FNDA:249,_ZNSt7__cxx1112basic_stringIcSt11char_traitsIcESaIcEE12_M_constructIPKcEEvT_S8_St20forward_iterator_tag
FNDA:0,_ZNSt7__cxx1112basic_stringIcSt11char_traitsIcESaIcEE12_M_constructIPcEEvT_S7_St20forward_iterator_tag
FNDA:249,_ZZNSt7__cxx1112basic_stringIcSt11char_traitsIcESaIcEE12_M_constructIPKcEEvT_S8_St20forward_iterator_tagEN6_GuardC2EPS4_
FNDA:0,_ZZNSt7__cxx1112basic_stringIcSt11char_traitsIcESaIcEE12_M_constructIPcEEvT_S7_St20forward_iterator_tagEN6_GuardC2EPS4_
FNDA:249,_ZZNSt7__cxx1112basic_stringIcSt11char_traitsIcESaIcEE12_M_constructIPKcEEvT_S8_St20forward_iterator_tagEN6_GuardD2Ev
FNDA:0,_ZZNSt7__cxx1112basic_stringIcSt11char_traitsIcESaIcEE12_M_constructIPcEEvT_S7_St20forward_iterator_tagEN6_GuardD2Ev
FNF:6
FNH:3
DA:221,249
DA:225,249
DA:227,249
DA:229,113
DA:230,113
DA:239,249
DA:242,249
DA:245,249
DA:247,249
DA:249,249
DA:251,249
DA:252,249
LF:12
LH:12
end_of_record
TN:
SF:/usr/include/c++/13/bits/char_traits.h
FN:136,137,_ZN9__gnu_cxx11char_traitsIcE2eqERKcS3_
FN:199,206,_ZN9__gnu_cxx11char_traitsIcE6lengthEPKc
FN:366,371,_ZNSt11char_traitsIcE2ltERKcS2_
FN:374,390,_ZNSt11char_traitsIcE7compareEPKcS2_m
FN:393,400,_ZNSt11char_traitsIcE6lengthEPKc
FN:427,436,_ZNSt11char_traitsIcE4copyEPcPKcm
FNDA:0,_ZN9__gnu_cxx11char_traitsIcE2eqERKcS3_
FNDA:0,_ZN9__gnu_cxx11char_traitsIcE6lengthEPKc
FNDA:0,_ZNSt11char_traitsIcE2ltERKcS2_
FNDA:0,_ZNSt11char_traitsIcE7compareEPKcS2_m
FNDA:249,_ZNSt11char_traitsIcE6lengthEPKc
FNDA:0,_ZNSt11char_traitsIcE4copyEPcPKcm
FNF:6
FNH:1
DA:136,0
DA:137,0
DA:199,0
DA:202,0
DA:203,0
DA:204,0
DA:205,0
DA:366,0
DA:369,0
DA:370,0
DA:374,0
DA:376,0
DA:377,0
DA:379,0
DA:381,0
DA:382,0
DA:383,0
DA:384,0
DA:385,0
DA:386,0
DA:389,0
DA:393,249
DA:396,249
DA:397,0
DA:399,249
DA:427,0
DA:429,0
DA:430,0
DA:435,0
LF:29
LH:3
end_of_record
TN:
SF:/usr/include/c++/13/bits/charconv.h
FN:55,74,_ZNSt8__detail14__to_chars_lenIjEEjT_i
FN:81,110,_ZNSt8__detail18__to_chars_10_implIjEEvPcjT_
FNDA:1,_ZNSt8__detail14__to_chars_lenIjEEjT_i
FNDA:1,_ZNSt8__detail18__to_chars_10_implIjEEvPcjT_
FNF:2
FNH:2
DA:55,1
DA:61,1
DA:62,1
DA:63,1
DA:64,1
DA:67,1
DA:68,0
DA:69,0
DA:70,0
DA:71,0
DA:72,0
DA:81,1
DA:87,1
DA:93,1
DA:94,1
DA:96,0
DA:97,0
DA:98,0
DA:99,0
DA:100,0
DA:102,1
DA:104,0
DA:105,0
DA:106,0
DA:109,1
DA:110,1
LF:26
LH:13
end_of_record
TN:
SF:/usr/include/c++/13/bits/fs_dir.h
FN:77,77,_ZNKSt10filesystem11file_status4typeEv
FNDA:206,_ZNKSt10filesystem11file_status4typeEv
FNF:1
FNH:1
DA:77,206
LF:1
LH:1
end_of_record
TN:
SF:/usr/include/c++/13/bits/fs_ops.h
FN:128,129,_ZNSt10filesystem6existsENS_11file_statusE
FN:133,134,_ZNSt10filesystem6existsERKNS_7__cxx114pathE
FN:363,364,_ZNSt10filesystem12status_knownENS_11file_statusE
FNDA:103,_ZNSt10filesystem6existsENS_11file_statusE
FNDA:103,_ZNSt10filesystem6existsERKNS_7__cxx114pathE
FNDA:103,_ZNSt10filesystem12status_knownENS_11file_statusE
FNF:3
FNH:3
DA:128,103
DA:129,103
DA:133,103
DA:134,103
DA:363,103
DA:364,103
LF:6
LH:6
end_of_record
TN:
SF:/usr/include/c++/13/bits/fs_path.h
FN:183,185,_ZNSt10filesystem7__cxx118__detail17__effective_rangeIcSt11char_traitsIcESaIcEEESt17basic_string_viewIT_S3_IS7_EERKNSt7__cxx1112basic_stringIS7_T0_T1_EE
FN:324,326,_ZNSt10filesystem7__cxx114pathC2EONSt7__cxx1112basic_stringIcSt11char_traitsIcESaIcEEENS1_6formatE
FN:330,332,_ZNSt10filesystem7__cxx114pathC2INSt7__cxx1112basic_stringIcSt11char_traitsIcESaIcEEES1_EERKT_NS1_6formatE
FN:355,355,_ZNSt10filesystem7__cxx114pathD2Ev
FN:618,633,_ZNSt10filesystem7__cxx114path10_S_convertISt17basic_string_viewIcSt11char_traitsIcEEEEDaT_
FN:689,689,_ZNSt10filesystem7__cxx114path5_ListD2Ev
FNDA:204,_ZNSt10filesystem7__cxx118__detail17__effective_rangeIcSt11char_traitsIcESaIcEEESt17basic_string_viewIT_S3_IS7_EERKNSt7__cxx1112basic_stringIS7_T0_T1_EE
FNDA:1,_ZNSt10filesystem7__cxx114pathC2EONSt7__cxx1112basic_stringIcSt11char_traitsIcESaIcEEENS1_6formatE
FNDA:204,_ZNSt10filesystem7__cxx114pathC2INSt7__cxx1112basic_stringIcSt11char_traitsIcESaIcEEES1_EERKT_NS1_6formatE
FNDA:205,_ZNSt10filesystem7__cxx114pathD2Ev
FNDA:204,_ZNSt10filesystem7__cxx114path10_S_convertISt17basic_string_viewIcSt11char_traitsIcEEEEDaT_
FNDA:205,_ZNSt10filesystem7__cxx114path5_ListD2Ev
FNF:6
FNH:6
DA:183,204
DA:185,204
DA:324,1
DA:325,1
DA:326,1
DA:330,204
DA:331,408
DA:332,204
DA:355,205
DA:618,204
DA:622,204
DA:689,205
LF:12
LH:12
end_of_record
TN:
SF:/usr/include/c++/13/bits/move.h
FN:97,98,_ZSt4moveIRNSt7__cxx1112basic_stringIcSt11char_traitsIcESaIcEEEEONSt16remove_referenceIT_E4typeEOS8_
FN:97,98,_ZSt4moveIRPNSt10filesystem7__cxx114path5_List5_ImplEEONSt16remove_referenceIT_E4typeEOS8_
FN:97,98,_ZSt4moveIRPNSt7__cxx1112basic_stringIcSt11char_traitsIcESaIcEEEEONSt16remove_referenceIT_E4typeEOS9_
FN:97,98,_ZSt4moveIRPNSt7__cxx1118basic_stringstreamIcSt11char_traitsIcESaIcEEEEONSt16remove_referenceIT_E4typeEOS9_
FN:97,98,_ZSt4moveIRSaIcEEONSt16remove_referenceIT_E4typeEOS3_
FNDA:663,_ZSt4moveIRNSt7__cxx1112basic_stringIcSt11char_traitsIcESaIcEEEEONSt16remove_referenceIT_E4typeEOS8_
FNDA:205,_ZSt4moveIRPNSt10filesystem7__cxx114path5_List5_ImplEEONSt16remove_referenceIT_E4typeEOS8_
FNDA:0,_ZSt4moveIRPNSt7__cxx1112basic_stringIcSt11char_traitsIcESaIcEEEEONSt16remove_referenceIT_E4typeEOS9_
FNDA:55,_ZSt4moveIRPNSt7__cxx1118basic_stringstreamIcSt11char_traitsIcESaIcEEEEONSt16remove_referenceIT_E4typeEOS9_
FNDA:0,_ZSt4moveIRSaIcEEONSt16remove_referenceIT_E4typeEOS3_
FNF:5
FNH:3
DA:97,923
DA:98,923
LF:2
LH:2
end_of_record
TN:
SF:/usr/include/c++/13/bits/new_allocator.h
FN:104,104,_ZNSt15__new_allocatorIcED2Ev
FNDA:459,_ZNSt15__new_allocatorIcED2Ev
FNF:1
FNH:1
DA:88,107
DA:92,4
DA:104,459
LF:3
LH:3
end_of_record
TN:
SF:/usr/include/c++/13/bits/std_mutex.h
FN:104,104,_ZNSt5mutexC2Ev
FN:111,118,_ZNSt5mutex4lockEv
FN:129,133,_ZNSt5mutex6unlockEv
FN:248,249,_ZNSt10lock_guardISt5mutexEC2ERS0_
FN:254,255,_ZNSt10lock_guardISt5mutexED2Ev
FN:67,67,_ZNSt12__mutex_baseC2Ev
FNDA:1,_ZNSt5mutexC2Ev
FNDA:102,_ZNSt5mutex4lockEv
FNDA:102,_ZNSt5mutex6unlockEv
FNDA:102,_ZNSt10lock_guardISt5mutexEC2ERS0_
FNDA:102,_ZNSt10lock_guardISt5mutexED2Ev
FNDA:1,_ZNSt12__mutex_baseC2Ev
FNF:6
FNH:6
DA:67,1
DA:104,1
DA:111,102
DA:113,102
DA:116,102
DA:117,0
DA:118,102
DA:129,102
DA:132,102
DA:133,102
DA:248,102
DA:249,102
DA:254,102
DA:255,102
LF:14
LH:13
end_of_record
TN:
SF:/usr/include/c++/13/bits/stl_iterator_base_funcs.h
FNF:0
FNH:0
DA:106,0
DA:151,0
DA:152,0
LF:3
LH:0
end_of_record
TN:
SF:/usr/include/c++/13/bits/stl_iterator_base_types.h
FNF:0
FNH:0
DA:240,0
LF:1
LH:0
end_of_record
TN:
SF:/usr/include/c++/13/bits/unique_ptr.h
FN:174,174,_ZNSt15__uniq_ptr_implINSt7__cxx1112basic_stringIcSt11char_traitsIcESaIcEEESt14default_deleteIS5_EEC2Ev
FN:197,197,_ZNSt15__uniq_ptr_implINSt10filesystem7__cxx114path5_List5_ImplENS3_13_Impl_deleterEE6_M_ptrEv
FN:197,197,_ZNSt15__uniq_ptr_implINSt7__cxx1112basic_stringIcSt11char_traitsIcESaIcEEESt14default_deleteIS5_EE6_M_ptrEv
FN:197,197,_ZNSt15__uniq_ptr_implINSt7__cxx1118basic_stringstreamIcSt11char_traitsIcESaIcEEESt14default_deleteIS5_EE6_M_ptrEv
FN:199,199,_ZNKSt15__uniq_ptr_implINSt7__cxx1118basic_stringstreamIcSt11char_traitsIcESaIcEEESt14default_deleteIS5_EE6_M_ptrEv
FN:201,201,_ZNSt15__uniq_ptr_implINSt10filesystem7__cxx114path5_List5_ImplENS3_13_Impl_deleterEE10_M_deleterEv
FN:201,201,_ZNSt15__uniq_ptr_implINSt7__cxx1112basic_stringIcSt11char_traitsIcESaIcEEESt14default_deleteIS5_EE10_M_deleterEv
FN:201,201,_ZNSt15__uniq_ptr_implINSt7__cxx1118basic_stringstreamIcSt11char_traitsIcESaIcEEESt14default_deleteIS5_EE10_M_deleterEv
FN:304,306,_ZNSt10unique_ptrINSt7__cxx1112basic_stringIcSt11char_traitsIcESaIcEEESt14default_deleteIS5_EEC2IS7_vEEv
FN:398,406,_ZNSt10unique_ptrINSt10filesystem7__cxx114path5_List5_ImplENS3_13_Impl_deleterEED2Ev
FN:398,406,_ZNSt10unique_ptrINSt7__cxx1112basic_stringIcSt11char_traitsIcESaIcEEESt14default_deleteIS5_EED2Ev
FN:398,406,_ZNSt10unique_ptrINSt7__cxx1118basic_stringstreamIcSt11char_traitsIcESaIcEEESt14default_deleteIS5_EED2Ev
FN:451,455,_ZNKSt10unique_ptrINSt7__cxx1118basic_stringstreamIcSt11char_traitsIcESaIcEEESt14default_deleteIS5_EEdeEv
FN:469,470,_ZNKSt10unique_ptrINSt7__cxx1118basic_stringstreamIcSt11char_traitsIcESaIcEEESt14default_deleteIS5_EE3getEv
FN:475,476,_ZNSt10unique_ptrINSt10filesystem7__cxx114path5_List5_ImplENS3_13_Impl_deleterEE11get_deleterEv
FN:475,476,_ZNSt10unique_ptrINSt7__cxx1112basic_stringIcSt11char_traitsIcESaIcEEESt14default_deleteIS5_EE11get_deleterEv
FN:475,476,_ZNSt10unique_ptrINSt7__cxx1118basic_stringstreamIcSt11char_traitsIcESaIcEEESt14default_deleteIS5_EE11get_deleterEv
FN:93,100,_ZNKSt14default_deleteINSt7__cxx1112basic_stringIcSt11char_traitsIcESaIcEEEEclEPS5_
FN:93,100,_ZNKSt14default_deleteINSt7__cxx1118basic_stringstreamIcSt11char_traitsIcESaIcEEEEclEPS5_
FNDA:5,_ZNSt15__uniq_ptr_implINSt7__cxx1112basic_stringIcSt11char_traitsIcESaIcEEESt14default_deleteIS5_EEC2Ev
FNDA:205,_ZNSt15__uniq_ptr_implINSt10filesystem7__cxx114path5_List5_ImplENS3_13_Impl_deleterEE6_M_ptrEv
FNDA:5,_ZNSt15__uniq_ptr_implINSt7__cxx1112basic_stringIcSt11char_traitsIcESaIcEEESt14default_deleteIS5_EE6_M_ptrEv
FNDA:110,_ZNSt15__uniq_ptr_implINSt7__cxx1118basic_stringstreamIcSt11char_traitsIcESaIcEEESt14default_deleteIS5_EE6_M_ptrEv
FNDA:579,_ZNKSt15__uniq_ptr_implINSt7__cxx1118basic_stringstreamIcSt11char_traitsIcESaIcEEESt14default_deleteIS5_EE6_M_ptrEv
FNDA:205,_ZNSt15__uniq_ptr_implINSt10filesystem7__cxx114path5_List5_ImplENS3_13_Impl_deleterEE10_M_deleterEv
FNDA:0,_ZNSt15__uniq_ptr_implINSt7__cxx1112basic_stringIcSt11char_traitsIcESaIcEEESt14default_deleteIS5_EE10_M_deleterEv
FNDA:55,_ZNSt15__uniq_ptr_implINSt7__cxx1118basic_stringstreamIcSt11char_traitsIcESaIcEEESt14default_deleteIS5_EE10_M_deleterEv
FNDA:5,_ZNSt10unique_ptrINSt7__cxx1112basic_stringIcSt11char_traitsIcESaIcEEESt14default_deleteIS5_EEC2IS7_vEEv
FNDA:205,_ZNSt10unique_ptrINSt10filesystem7__cxx114path5_List5_ImplENS3_13_Impl_deleterEED2Ev
FNDA:5,_ZNSt10unique_ptrINSt7__cxx1112basic_stringIcSt11char_traitsIcESaIcEEESt14default_deleteIS5_EED2Ev
FNDA:55,_ZNSt10unique_ptrINSt7__cxx1118basic_stringstreamIcSt11char_traitsIcESaIcEEESt14default_deleteIS5_EED2Ev
FNDA:524,_ZNKSt10unique_ptrINSt7__cxx1118basic_stringstreamIcSt11char_traitsIcESaIcEEESt14default_deleteIS5_EEdeEv
FNDA:579,_ZNKSt10unique_ptrINSt7__cxx1118basic_stringstreamIcSt11char_traitsIcESaIcEEESt14default_deleteIS5_EE3getEv
FNDA:205,_ZNSt10unique_ptrINSt10filesystem7__cxx114path5_List5_ImplENS3_13_Impl_deleterEE11get_deleterEv
FNDA:0,_ZNSt10unique_ptrINSt7__cxx1112basic_stringIcSt11char_traitsIcESaIcEEESt14default_deleteIS5_EE11get_deleterEv
FNDA:55,_ZNSt10unique_ptrINSt7__cxx1118basic_stringstreamIcSt11char_traitsIcESaIcEEESt14default_deleteIS5_EE11get_deleterEv
FNDA:0,_ZNKSt14default_deleteINSt7__cxx1112basic_stringIcSt11char_traitsIcESaIcEEEEclEPS5_
FNDA:55,_ZNKSt14default_deleteINSt7__cxx1118basic_stringstreamIcSt11char_traitsIcESaIcEEEEclEPS5_
FNF:19
FNH:16
DA:93,55
DA:99,55
DA:100,55
DA:174,5
DA:197,320
DA:199,579
DA:201,260
DA:304,5
DA:305,5
DA:306,5
DA:398,265
DA:402,265
DA:403,265
DA:404,260
DA:405,265
DA:406,265
DA:451,524
DA:453,524
DA:454,524
DA:469,579
DA:470,579
DA:475,260
DA:476,260
LF:23
LH:23
end_of_record
TN:
SF:/usr/include/c++/13/ext/alloc_traits.h
FNF:0
FNH:0
DA:98,4
LF:1
LH:1
end_of_record
TN:
SF:/usr/include/c++/13/string_view
FN:229,230,_ZNKSt17basic_string_viewIcSt11char_traitsIcEE4sizeEv
FN:289,290,_ZNKSt17basic_string_viewIcSt11char_traitsIcEE4dataEv
FNDA:0,_ZNKSt17basic_string_viewIcSt11char_traitsIcEE4sizeEv
FNDA:0,_ZNKSt17basic_string_viewIcSt11char_traitsIcEE4dataEv
FNF:2
FNH:0
DA:229,0
DA:230,0
DA:289,0
DA:290,0
LF:4
LH:0
end_of_record
TN:
SF:/usr/include/c++/13/tuple
FN:125,125,_ZNSt10_Head_baseILm1ENSt10filesystem7__cxx114path5_List13_Impl_deleterELb1EE7_M_headERS5_
FN:125,125,_ZNSt10_Head_baseILm1ESt14default_deleteINSt7__cxx1112basic_stringIcSt11char_traitsIcESaIcEEEELb1EE7_M_headERS8_
FN:125,125,_ZNSt10_Head_baseILm1ESt14default_deleteINSt7__cxx1118basic_stringstreamIcSt11char_traitsIcESaIcEEEELb1EE7_M_headERS8_
FN:1317,1319,_ZNSt5tupleIJPNSt7__cxx1112basic_stringIcSt11char_traitsIcESaIcEEESt14default_deleteIS5_EEEC2ILb1ELb1EEEv
FN:1787,1788,_ZSt12__get_helperILm0EPNSt10filesystem7__cxx114path5_List5_ImplEJNS3_13_Impl_deleterEEERT0_RSt11_Tuple_implIXT_EJS7_DpT1_EE
FN:1787,1788,_ZSt12__get_helperILm0EPNSt7__cxx1112basic_stringIcSt11char_traitsIcESaIcEEEJSt14default_deleteIS5_EEERT0_RSt11_Tuple_implIXT_EJS9_DpT1_EE
FN:1787,1788,_ZSt12__get_helperILm0EPNSt7__cxx1118basic_stringstreamIcSt11char_traitsIcESaIcEEEJSt14default_deleteIS5_EEERT0_RSt11_Tuple_implIXT_EJS9_DpT1_EE
FN:1787,1788,_ZSt12__get_helperILm1ENSt10filesystem7__cxx114path5_List13_Impl_deleterEJEERT0_RSt11_Tuple_implIXT_EJS5_DpT1_EE
FN:1787,1788,_ZSt12__get_helperILm1ESt14default_deleteINSt7__cxx1112basic_stringIcSt11char_traitsIcESaIcEEEEJEERT0_RSt11_Tuple_implIXT_EJS8_DpT1_EE
FN:1787,1788,_ZSt12__get_helperILm1ESt14default_deleteINSt7__cxx1118basic_stringstreamIcSt11char_traitsIcESaIcEEEEJEERT0_RSt11_Tuple_implIXT_EJS8_DpT1_EE
FN:1792,1793,_ZSt12__get_helperILm0EPNSt7__cxx1118basic_stringstreamIcSt11char_traitsIcESaIcEEEJSt14default_deleteIS5_EEERKT0_RKSt11_Tuple_implIXT_EJS9_DpT1_EE
FN:1803,1804,_ZSt3getILm0EJPNSt10filesystem7__cxx114path5_List5_ImplENS3_13_Impl_deleterEEERNSt13tuple_elementIXT_ESt5tupleIJDpT0_EEE4typeERSB_
FN:1803,1804,_ZSt3getILm0EJPNSt7__cxx1112basic_stringIcSt11char_traitsIcESaIcEEESt14default_deleteIS5_EEERNSt13tuple_elementIXT_ESt5tupleIJDpT0_EEE4typeERSD_
FN:1803,1804,_ZSt3getILm0EJPNSt7__cxx1118basic_stringstreamIcSt11char_traitsIcESaIcEEESt14default_deleteIS5_EEERNSt13tuple_elementIXT_ESt5tupleIJDpT0_EEE4typeERSD_
FN:1803,1804,_ZSt3getILm1EJPNSt10filesystem7__cxx114path5_List5_ImplENS3_13_Impl_deleterEEERNSt13tuple_elementIXT_ESt5tupleIJDpT0_EEE4typeERSB_
FN:1803,1804,_ZSt3getILm1EJPNSt7__cxx1112basic_stringIcSt11char_traitsIcESaIcEEESt14default_deleteIS5_EEERNSt13tuple_elementIXT_ESt5tupleIJDpT0_EEE4typeERSD_
FN:1803,1804,_ZSt3getILm1EJPNSt7__cxx1118basic_stringstreamIcSt11char_traitsIcESaIcEEESt14default_deleteIS5_EEERNSt13tuple_elementIXT_ESt5tupleIJDpT0_EEE4typeERSD_
FN:1809,1810,_ZSt3getILm0EJPNSt7__cxx1118basic_stringstreamIcSt11char_traitsIcESaIcEEESt14default_deleteIS5_EEERKNSt13tuple_elementIXT_ESt5tupleIJDpT0_EEE4typeERKSD_
FN:190,191,_ZNSt10_Head_baseILm0EPNSt7__cxx1112basic_stringIcSt11char_traitsIcESaIcEEELb0EEC2Ev
FN:234,234,_ZNSt10_Head_baseILm0EPNSt10filesystem7__cxx114path5_List5_ImplELb0EE7_M_headERS6_
FN:234,234,_ZNSt10_Head_baseILm0EPNSt7__cxx1112basic_stringIcSt11char_traitsIcESaIcEEELb0EE7_M_headERS7_
FN:234,234,_ZNSt10_Head_baseILm0EPNSt7__cxx1118basic_stringstreamIcSt11char_traitsIcESaIcEEELb0EE7_M_headERS7_
FN:237,237,_ZNSt10_Head_baseILm0EPNSt7__cxx1118basic_stringstreamIcSt11char_traitsIcESaIcEEELb0EE7_M_headERKS7_
FN:269,269,_ZNSt11_Tuple_implILm0EJPNSt10filesystem7__cxx114path5_List5_ImplENS3_13_Impl_deleterEEE7_M_headERS7_
FN:269,269,_ZNSt11_Tuple_implILm0EJPNSt7__cxx1112basic_stringIcSt11char_traitsIcESaIcEEESt14default_deleteIS5_EEE7_M_headERS9_
FN:269,269,_ZNSt11_Tuple_implILm0EJPNSt7__cxx1118basic_stringstreamIcSt11char_traitsIcESaIcEEESt14default_deleteIS5_EEE7_M_headERS9_
FN:272,272,_ZNSt11_Tuple_implILm0EJPNSt7__cxx1118basic_stringstreamIcSt11char_traitsIcESaIcEEESt14default_deleteIS5_EEE7_M_headERKS9_
FN:280,281,_ZNSt11_Tuple_implILm0EJPNSt7__cxx1112basic_stringIcSt11char_traitsIcESaIcEEESt14default_deleteIS5_EEEC2Ev
FN:497,497,_ZNSt11_Tuple_implILm1EJNSt10filesystem7__cxx114path5_List13_Impl_deleterEEE7_M_headERS5_
FN:497,497,_ZNSt11_Tuple_implILm1EJSt14default_deleteINSt7__cxx1112basic_stringIcSt11char_traitsIcESaIcEEEEEE7_M_headERS8_
FN:497,497,_ZNSt11_Tuple_implILm1EJSt14default_deleteINSt7__cxx1118basic_stringstreamIcSt11char_traitsIcESaIcEEEEEE7_M_headERS8_
FN:503,504,_ZNSt11_Tuple_implILm1EJSt14default_deleteINSt7__cxx1112basic_stringIcSt11char_traitsIcESaIcEEEEEEC2Ev
FN:81,82,_ZNSt10_Head_baseILm1ESt14default_deleteINSt7__cxx1112basic_stringIcSt11char_traitsIcESaIcEEEELb1EEC2Ev
FNDA:205,_ZNSt10_Head_baseILm1ENSt10filesystem7__cxx114path5_List13_Impl_deleterELb1EE7_M_headERS5_
FNDA:0,_ZNSt10_Head_baseILm1ESt14default_deleteINSt7__cxx1112basic_stringIcSt11char_traitsIcESaIcEEEELb1EE7_M_headERS8_
FNDA:55,_ZNSt10_Head_baseILm1ESt14default_deleteINSt7__cxx1118basic_stringstreamIcSt11char_traitsIcESaIcEEEELb1EE7_M_headERS8_
FNDA:5,_ZNSt5tupleIJPNSt7__cxx1112basic_stringIcSt11char_traitsIcESaIcEEESt14default_deleteIS5_EEEC2ILb1ELb1EEEv
FNDA:205,_ZSt12__get_helperILm0EPNSt10filesystem7__cxx114path5_List5_ImplEJNS3_13_Impl_deleterEEERT0_RSt11_Tuple_implIXT_EJS7_DpT1_EE
FNDA:5,_ZSt12__get_helperILm0EPNSt7__cxx1112basic_stringIcSt11char_traitsIcESaIcEEEJSt14default_deleteIS5_EEERT0_RSt11_Tuple_implIXT_EJS9_DpT1_EE
FNDA:110,_ZSt12__get_helperILm0EPNSt7__cxx1118basic_stringstreamIcSt11char_traitsIcESaIcEEEJSt14default_deleteIS5_EEERT0_RSt11_Tuple_implIXT_EJS9_DpT1_EE
FNDA:205,_ZSt12__get_helperILm1ENSt10filesystem7__cxx114path5_List13_Impl_deleterEJEERT0_RSt11_Tuple_implIXT_EJS5_DpT1_EE
FNDA:0,_ZSt12__get_helperILm1ESt14default_deleteINSt7__cxx1112basic_stringIcSt11char_traitsIcESaIcEEEEJEERT0_RSt11_Tuple_implIXT_EJS8_DpT1_EE
FNDA:55,_ZSt12__get_helperILm1ESt14default_deleteINSt7__cxx1118basic_stringstreamIcSt11char_traitsIcESaIcEEEEJEERT0_RSt11_Tuple_implIXT_EJS8_DpT1_EE
FNDA:579,_ZSt12__get_helperILm0EPNSt7__cxx1118basic_stringstreamIcSt11char_traitsIcESaIcEEEJSt14default_deleteIS5_EEERKT0_RKSt11_Tuple_implIXT_EJS9_DpT1_EE
FNDA:205,_ZSt3getILm0EJPNSt10filesystem7__cxx114path5_List5_ImplENS3_13_Impl_deleterEEERNSt13tuple_elementIXT_ESt5tupleIJDpT0_EEE4typeERSB_
FNDA:5,_ZSt3getILm0EJPNSt7__cxx1112basic_stringIcSt11char_traitsIcESaIcEEESt14default_deleteIS5_EEERNSt13tuple_elementIXT_ESt5tupleIJDpT0_EEE4typeERSD_
FNDA:110,_ZSt3getILm0EJPNSt7__cxx1118basic_stringstreamIcSt11char_traitsIcESaIcEEESt14default_deleteIS5_EEERNSt13tuple_elementIXT_ESt5tupleIJDpT0_EEE4typeERSD_
FNDA:205,_ZSt3getILm1EJPNSt10filesystem7__cxx114path5_List5_ImplENS3_13_Impl_deleterEEERNSt13tuple_elementIXT_ESt5tupleIJDpT0_EEE4typeERSB_
FNDA:0,_ZSt3getILm1EJPNSt7__cxx1112basic_stringIcSt11char_traitsIcESaIcEEESt14default_deleteIS5_EEERNSt13tuple_elementIXT_ESt5tupleIJDpT0_EEE4typeERSD_
FNDA:55,_ZSt3getILm1EJPNSt7__cxx1118basic_stringstreamIcSt11char_traitsIcESaIcEEESt14default_deleteIS5_EEERNSt13tuple_elementIXT_ESt5tupleIJDpT0_EEE4typeERSD_
FNDA:579,_ZSt3getILm0EJPNSt7__cxx1118basic_stringstreamIcSt11char_traitsIcESaIcEEESt14default_deleteIS5_EEERKNSt13tuple_elementIXT_ESt5tupleIJDpT0_EEE4typeERKSD_
FNDA:5,_ZNSt10_Head_baseILm0EPNSt7__cxx1112basic_stringIcSt11char_traitsIcESaIcEEELb0EEC2Ev
FNDA:205,_ZNSt10_Head_baseILm0EPNSt10filesystem7__cxx114path5_List5_ImplELb0EE7_M_headERS6_
FNDA:5,_ZNSt10_Head_baseILm0EPNSt7__cxx1112basic_stringIcSt11char_traitsIcESaIcEEELb0EE7_M_headERS7_
FNDA:110,_ZNSt10_Head_baseILm0EPNSt7__cxx1118basic_stringstreamIcSt11char_traitsIcESaIcEEELb0EE7_M_headERS7_
FNDA:579,_ZNSt10_Head_baseILm0EPNSt7__cxx1118basic_stringstreamIcSt11char_traitsIcESaIcEEELb0EE7_M_headERKS7_
FNDA:205,_ZNSt11_Tuple_implILm0EJPNSt10filesystem7__cxx114path5_List5_ImplENS3_13_Impl_deleterEEE7_M_headERS7_
FNDA:5,_ZNSt11_Tuple_implILm0EJPNSt7__cxx1112basic_stringIcSt11char_traitsIcESaIcEEESt14default_deleteIS5_EEE7_M_headERS9_
FNDA:110,_ZNSt11_Tuple_implILm0EJPNSt7__cxx1118basic_stringstreamIcSt11char_traitsIcESaIcEEESt14default_deleteIS5_EEE7_M_headERS9_
FNDA:579,_ZNSt11_Tuple_implILm0EJPNSt7__cxx1118basic_stringstreamIcSt11char_traitsIcESaIcEEESt14default_deleteIS5_EEE7_M_headERKS9_
FNDA:5,_ZNSt11_Tuple_implILm0EJPNSt7__cxx1112basic_stringIcSt11char_traitsIcESaIcEEESt14default_deleteIS5_EEEC2Ev
FNDA:205,_ZNSt11_Tuple_implILm1EJNSt10filesystem7__cxx114path5_List13_Impl_deleterEEE7_M_headERS5_
FNDA:0,_ZNSt11_Tuple_implILm1EJSt14default_deleteINSt7__cxx1112basic_stringIcSt11char_traitsIcESaIcEEEEEE7_M_headERS8_
FNDA:55,_ZNSt11_Tuple_implILm1EJSt14default_deleteINSt7__cxx1118basic_stringstreamIcSt11char_traitsIcESaIcEEEEEE7_M_headERS8_
FNDA:5,_ZNSt11_Tuple_implILm1EJSt14default_deleteINSt7__cxx1112basic_stringIcSt11char_traitsIcESaIcEEEEEEC2Ev
FNDA:5,_ZNSt10_Head_baseILm1ESt14default_deleteINSt7__cxx1112basic_stringIcSt11char_traitsIcESaIcEEEELb1EEC2Ev
FNF:33
FNH:29
DA:81,5
DA:82,5
DA:125,260
DA:190,5
DA:191,5
DA:234,320
DA:237,579
DA:269,320
DA:272,579
DA:280,5
DA:281,5
DA:497,260
DA:503,5
DA:504,5
DA:1317,5
DA:1319,5
DA:1787,580
DA:1788,580
DA:1792,579
DA:1793,579
DA:1803,580
DA:1804,580
DA:1809,579
DA:1810,579
LF:24
LH:24
end_of_record
TN:
SF:/usr/include/gtest/gtest-assertion-result.h
FN:155,161,_ZN7testing15AssertionResultC2IbEERKT_PNSt9enable_ifIXntsrSt14is_convertibleIS2_S0_E5valueEvE4typeE
FN:174,174,_ZNK7testing15AssertionResultcvbEv
FNDA:5,_ZN7testing15AssertionResultC2IbEERKT_PNSt9enable_ifIXntsrSt14is_convertibleIS2_S0_E5valueEvE4typeE
FNDA:5,_ZNK7testing15AssertionResultcvbEv
FNF:2
FNH:2
DA:155,5
DA:161,5
DA:174,5
LF:3
LH:3
end_of_record
TN:
SF:/usr/include/gtest/gtest-message.h
FN:132,150,_ZN7testing7MessagelsIA29_cEERS0_RKT_
FN:132,150,_ZN7testing7MessagelsIA30_cEERS0_RKT_
FN:132,150,_ZN7testing7MessagelsIA32_cEERS0_RKT_
FN:132,150,_ZN7testing7MessagelsIA36_cEERS0_RKT_
FN:132,150,_ZN7testing7MessagelsIA38_cEERS0_RKT_
FN:132,150,_ZN7testing7MessagelsIA45_cEERS0_RKT_
FNDA:0,_ZN7testing7MessagelsIA29_cEERS0_RKT_
FNDA:0,_ZN7testing7MessagelsIA30_cEERS0_RKT_
FNDA:0,_ZN7testing7MessagelsIA32_cEERS0_RKT_
FNDA:0,_ZN7testing7MessagelsIA36_cEERS0_RKT_
FNDA:0,_ZN7testing7MessagelsIA38_cEERS0_RKT_
FNDA:0,_ZN7testing7MessagelsIA45_cEERS0_RKT_
FNF:6
FNH:0
DA:132,0
DA:148,0
DA:149,0
LF:3
LH:0
end_of_record
TN:
SF:/usr/include/gtest/gtest.h
FN:256,256,_ZN7testing4Test14SetUpTestSuiteEv
FN:264,264,_ZN7testing4Test17TearDownTestSuiteEv
FN:269,269,_ZN7testing4Test16TearDownTestCaseEv
FN:270,270,_ZN7testing4Test13SetUpTestCaseEv
FN:357,357,_ZN7testing4Test5SetupEv
FNDA:0,_ZN7testing4Test14SetUpTestSuiteEv
FNDA:0,_ZN7testing4Test17TearDownTestSuiteEv
FNDA:0,_ZN7testing4Test16TearDownTestCaseEv
FNDA:0,_ZN7testing4Test13SetUpTestCaseEv
FNDA:0,_ZN7testing4Test5SetupEv
FNF:5
FNH:0
DA:256,0
DA:264,0
DA:269,0
DA:270,0
DA:357,0
LF:5
LH:0
end_of_record
TN:
SF:/usr/include/gtest/internal/gtest-internal.h
FN:438,438,_ZN7testing8internal15TestFactoryBaseD0Ev
FN:438,438,_ZN7testing8internal15TestFactoryBaseD2Ev
FN:445,445,_ZN7testing8internal15TestFactoryBaseC2Ev
FN:457,457,_ZN7testing8internal15TestFactoryImplI27LoggerTest_LogRotation_TestE10CreateTestEv
FN:457,457,_ZN7testing8internal15TestFactoryImplI28LoggerTest_WritesToFile_TestE10CreateTestEv
FN:457,457,_ZN7testing8internal15TestFactoryImplI33LoggerTest_LogLevelFiltering_TestE10CreateTestEv
FN:478,479,_ZN7testing8internal12CodeLocationC2ERKNSt7__cxx1112basic_stringIcSt11char_traitsIcESaIcEEEi
FN:491,494,_ZN7testing8internal19GetNotDefaultOrNullEPFvvES2_
FN:506,525,_ZN7testing8internal16SuiteApiResolverINS_4TestEE19GetSetUpCaseOrSuiteEPKci
FN:527,546,_ZN7testing8internal16SuiteApiResolverINS_4TestEE22GetTearDownCaseOrSuiteEPKci
FNDA:0,_ZN7testing8internal15TestFactoryBaseD0Ev
FNDA:3,_ZN7testing8internal15TestFactoryBaseD2Ev
FNDA:3,_ZN7testing8internal15TestFactoryBaseC2Ev
FNDA:1,_ZN7testing8internal15TestFactoryImplI27LoggerTest_LogRotation_TestE10CreateTestEv
FNDA:1,_ZN7testing8internal15TestFactoryImplI28LoggerTest_WritesToFile_TestE10CreateTestEv
FNDA:1,_ZN7testing8internal15TestFactoryImplI33LoggerTest_LogLevelFiltering_TestE10CreateTestEv
FNDA:3,_ZN7testing8internal12CodeLocationC2ERKNSt7__cxx1112basic_stringIcSt11char_traitsIcESaIcEEEi
FNDA:12,_ZN7testing8internal19GetNotDefaultOrNullEPFvvES2_
FNDA:3,_ZN7testing8internal16SuiteApiResolverINS_4TestEE19GetSetUpCaseOrSuiteEPKci
FNDA:3,_ZN7testing8internal16SuiteApiResolverINS_4TestEE22GetTearDownCaseOrSuiteEPKci
FNF:10
FNH:9
DA:438,3
DA:445,3
DA:457,3
DA:478,3
DA:479,3
DA:491,12
DA:493,12
DA:506,3
DA:510,3
DA:512,3
DA:514,3
DA:517,0
DA:519,3
DA:527,3
DA:531,3
DA:533,3
DA:535,3
DA:538,0
DA:540,3
LF:19
LH:17
end_of_record
TN:
SF:/usr/include/gtest/internal/gtest-port.h
FN:1042,1042,_ZN7testing8internal8GTestLog9GetStreamEv
FNDA:0,_ZN7testing8internal8GTestLog9GetStreamEv
FNF:1
FNH:0
DA:1042,0
LF:1
LH:0
end_of_record
TN:
SF:/usr/include/x86_64-linux-gnu/c++/13/bits/c++config.h
FN:540,551,_ZSt23__is_constant_evaluatedv
FNDA:777,_ZSt23__is_constant_evaluatedv
FNF:1
FNH:1
DA:540,777
DA:547,777
LF:2
LH:2
end_of_record
TN:
SF:/usr/include/x86_64-linux-gnu/c++/13/bits/gthr-default.h
FN:300,303,_ZL18__gthread_active_pv
FN:746,752,_ZL20__gthread_mutex_lockP15pthread_mutex_t
FN:776,782,_ZL22__gthread_mutex_unlockP15pthread_mutex_t
FNDA:204,_ZL18__gthread_active_pv
FNDA:102,_ZL20__gthread_mutex_lockP15pthread_mutex_t
FNDA:102,_ZL22__gthread_mutex_unlockP15pthread_mutex_t
FNF:3
FNH:3
DA:300,204
DA:302,204
DA:746,102
DA:748,102
DA:749,102
DA:751,0
DA:776,102
DA:778,102
DA:779,102
DA:781,0
LF:10
LH:8
end_of_record
