TN:
SF:/home/runner/work/Logger/Logger/Logger.cpp
FN:10,11,_ZN6LoggerC2Ev
FN:127,130,_ZN6Logger18currectLogFilenameB5cxx11Ev
FN:13,17,_ZN6LoggerD2Ev
FN:132,151,_ZN6Logger20logFileNameGeneratorB5cxx11Ev
FN:153,178,_ZN6Logger13rotateLogFileEv
FN:19,26,_ZN6Logger10setLogFileERKNSt7__cxx1112basic_stringIcSt11char_traitsIcESaIcEEE
FN:28,32,_ZN6Logger5closeEv
FN:35,38,_ZN6Logger15setMaxSizeOfLogERKm
FN:40,43,_ZN6Logger11setLogLevelE8LogLevel
FN:45,60,_ZN6Logger15setPathToLogDirERKNSt7__cxx1112basic_stringIcSt11char_traitsIcESaIcEEE
FN:5,8,_ZN6Logger11getInstanceEv
FN:62,70,_ZN6Logger16showOnlyOneLevelE8LogLevel
FN:72,92,_ZN6Logger17getLogLevelStringB5cxx11E8LogLevel
FN:94,125,_ZN6Logger3logERKNSt7__cxx1112basic_stringIcSt11char_traitsIcESaIcEEE8LogLevel
FNDA:1,_ZN6LoggerC2Ev
FNDA:2,_ZN6Logger18currectLogFilenameB5cxx11Ev
FNDA:1,_ZN6LoggerD2Ev
FNDA:3,_ZN6Logger20logFileNameGeneratorB5cxx11Ev
FNDA:16,_ZN6Logger13rotateLogFileEv
FNDA:11,_ZN6Logger10setLogFileERKNSt7__cxx1112basic_stringIcSt11char_traitsIcESaIcEEE
FNDA:7,_ZN6Logger5closeEv
FNDA:2,_ZN6Logger15setMaxSizeOfLogERKm
FNDA:6,_ZN6Logger11setLogLevelE8LogLevel
FNDA:8,_ZN6Logger15setPathToLogDirERKNSt7__cxx1112basic_stringIcSt11char_traitsIcESaIcEEE
FNDA:7,_ZN6Logger11getInstanceEv
FNDA:1,_ZN6Logger16showOnlyOneLevelE8LogLevel
FNDA:16,_ZN6Logger17getLogLevelStringB5cxx11E8LogLevel
FNDA:20,_ZN6Logger3logERKNSt7__cxx1112basic_stringIcSt11char_traitsIcESaIcEEE8LogLevel
FNF:14
FNH:14
DA:5,7
DA:6,7
DA:7,7
DA:10,3
DA:11,1
DA:13,1
DA:14,1
DA:15,0
DA:17,1
DA:19,11
DA:21,11
DA:22,4
DA:24,11
DA:25,11
DA:26,11
DA:28,7
DA:29,7
DA:30,7
DA:32,7
DA:35,2
DA:37,2
DA:38,2
DA:40,6
DA:41,6
DA:42,6
DA:43,6
DA:45,8
DA:47,8
DA:51,0
DA:53,0
DA:55,0
DA:56,0
DA:59,8
DA:60,8
DA:62,1
DA:64,1
DA:66,1
DA:69,1
DA:70,1
DA:72,16
DA:74,16
DA:75,16
DA:76,0
DA:77,0
DA:78,0
DA:79,0
DA:80,0
DA:81,0
DA:82,0
DA:83,14
DA:84,0
DA:85,1
DA:86,1
DA:87,0
DA:88,0
DA:91,16
DA:92,0
DA:94,20
DA:96,20
DA:97,20
DA:98,3
DA:99,2
DA:103,17
DA:104,2
DA:108,16
DA:110,16
DA:112,16
DA:114,16
DA:116,16
DA:117,16
DA:118,16
DA:121,0
DA:124,16
DA:125,20
DA:127,2
DA:129,2
DA:132,3
DA:134,3
DA:136,3
DA:138,9
DA:140,3
DA:142,3
DA:143,9
DA:147,0
DA:150,6
DA:151,0
DA:153,16
DA:155,16
DA:156,0
DA:157,0
DA:160,16
DA:163,16
DA:165,0
DA:167,0
DA:168,0
DA:170,16
DA:172,16
DA:174,3
DA:175,3
DA:176,3
LF:100
LH:76
end_of_record
TN:
SF:/home/runner/work/Logger/Logger/tests/test_logger.cpp
FN:130,130,_ZN32LoggerTest_writeOnlyWarning_Test8TestBodyEv
FN:130,130,_ZN32LoggerTest_writeOnlyWarning_TestC2Ev
FN:130,130,_ZN32LoggerTest_writeOnlyWarning_TestD0Ev
FN:130,130,_ZN32LoggerTest_writeOnlyWarning_TestD2Ev
FN:165,165,_ZN27LoggerTest_getFilename_Test8TestBodyEv
FN:165,165,_ZN27LoggerTest_getFilename_TestC2Ev
FN:165,165,_ZN27LoggerTest_getFilename_TestD0Ev
FN:165,165,_ZN27LoggerTest_getFilename_TestD2Ev
FN:180,224,_ZN31LoggerTest_setMoreLogFiles_Test8TestBodyEv
FN:180,224,_ZN31LoggerTest_setMoreLogFiles_TestC2Ev
FN:180,224,_ZN31LoggerTest_setMoreLogFiles_TestD0Ev
FN:180,224,_ZN31LoggerTest_setMoreLogFiles_TestD2Ev
FN:39,39,_ZN31LoggerTest_DirPathChanging_Test8TestBodyEv
FN:39,39,_ZN31LoggerTest_DirPathChanging_TestC2Ev
FN:39,39,_ZN31LoggerTest_DirPathChanging_TestD0Ev
FN:39,39,_ZN31LoggerTest_DirPathChanging_TestD2Ev
FN:7,7,_ZN28LoggerTest_WritesToFile_Test8TestBodyEv
FN:7,7,_ZN28LoggerTest_WritesToFile_TestC2Ev
FN:7,7,_ZN28LoggerTest_WritesToFile_TestD0Ev
FN:7,7,_ZN28LoggerTest_WritesToFile_TestD2Ev
FN:73,73,_ZN27LoggerTest_LogRotation_Test8TestBodyEv
FN:73,73,_ZN27LoggerTest_LogRotation_TestC2Ev
FN:73,73,_ZN27LoggerTest_LogRotation_TestD0Ev
FN:73,73,_ZN27LoggerTest_LogRotation_TestD2Ev
FN:94,94,_ZN33LoggerTest_LogLevelFiltering_Test8TestBodyEv
FN:94,94,_ZN33LoggerTest_LogLevelFiltering_TestC2Ev
FN:94,94,_ZN33LoggerTest_LogLevelFiltering_TestD0Ev
FN:94,94,_ZN33LoggerTest_LogLevelFiltering_TestD2Ev
FNDA:1,_ZN32LoggerTest_writeOnlyWarning_Test8TestBodyEv
FNDA:1,_ZN32LoggerTest_writeOnlyWarning_TestC2Ev
FNDA:1,_ZN32LoggerTest_writeOnlyWarning_TestD0Ev
FNDA:1,_ZN32LoggerTest_writeOnlyWarning_TestD2Ev
FNDA:1,_ZN27LoggerTest_getFilename_Test8TestBodyEv
FNDA:1,_ZN27LoggerTest_getFilename_TestC2Ev
FNDA:1,_ZN27LoggerTest_getFilename_TestD0Ev
FNDA:1,_ZN27LoggerTest_getFilename_TestD2Ev
FNDA:1,_ZN31LoggerTest_setMoreLogFiles_Test8TestBodyEv
FNDA:1,_ZN31LoggerTest_setMoreLogFiles_TestC2Ev
FNDA:1,_ZN31LoggerTest_setMoreLogFiles_TestD0Ev
FNDA:1,_ZN31LoggerTest_setMoreLogFiles_TestD2Ev
FNDA:1,_ZN31LoggerTest_DirPathChanging_Test8TestBodyEv
FNDA:1,_ZN31LoggerTest_DirPathChanging_TestC2Ev
FNDA:1,_ZN31LoggerTest_DirPathChanging_TestD0Ev
FNDA:1,_ZN31LoggerTest_DirPathChanging_TestD2Ev
FNDA:1,_ZN28LoggerTest_WritesToFile_Test8TestBodyEv
FNDA:1,_ZN28LoggerTest_WritesToFile_TestC2Ev
FNDA:1,_ZN28LoggerTest_WritesToFile_TestD0Ev
FNDA:1,_ZN28LoggerTest_WritesToFile_TestD2Ev
FNDA:1,_ZN27LoggerTest_LogRotation_Test8TestBodyEv
FNDA:1,_ZN27LoggerTest_LogRotation_TestC2Ev
FNDA:1,_ZN27LoggerTest_LogRotation_TestD0Ev
FNDA:1,_ZN27LoggerTest_LogRotation_TestD2Ev
FNDA:1,_ZN33LoggerTest_LogLevelFiltering_Test8TestBodyEv
FNDA:1,_ZN33LoggerTest_LogLevelFiltering_TestC2Ev
FNDA:1,_ZN33LoggerTest_LogLevelFiltering_TestD0Ev
FNDA:1,_ZN33LoggerTest_LogLevelFiltering_TestD2Ev
FNF:28
FNH:28
DA:7,4
DA:8,1
DA:9,2
DA:10,1
DA:12,1
DA:13,1
DA:14,1
DA:16,1
DA:17,1
DA:19,1
DA:20,1
DA:21,1
DA:23,1
DA:24,0
DA:27,1
DA:28,1
DA:29,1
DA:30,1
DA:34,1
DA:35,1
DA:36,1
DA:39,4
DA:40,1
DA:41,2
DA:42,1
DA:44,1
DA:45,1
DA:46,1
DA:48,1
DA:49,1
DA:51,1
DA:52,1
DA:53,1
DA:55,1
DA:56,0
DA:59,1
DA:60,1
DA:61,1
DA:62,1
DA:66,1
DA:67,1
DA:69,1
DA:70,1
DA:73,4
DA:74,1
DA:75,2
DA:76,1
DA:78,1
DA:79,1
DA:80,1
DA:81,1
DA:83,11
DA:84,10
DA:86,1
DA:88,1
DA:89,1
DA:90,1
DA:91,1
DA:94,4
DA:95,1
DA:96,2
DA:97,1
DA:99,1
DA:100,1
DA:101,1
DA:103,2
DA:104,2
DA:105,1
DA:107,1
DA:109,1
DA:110,1
DA:111,1
DA:113,1
DA:114,0
DA:117,3
DA:118,2
DA:119,2
DA:120,2
DA:123,1
DA:124,1
DA:125,1
DA:126,1
DA:127,1
DA:130,4
DA:131,1
DA:132,2
DA:133,1
DA:135,1
DA:136,1
DA:137,1
DA:139,2
DA:140,2
DA:141,1
DA:142,1
DA:144,1
DA:145,1
DA:147,1
DA:148,0
DA:151,1
DA:152,3
DA:153,2
DA:154,2
DA:155,2
DA:158,1
DA:159,1
DA:160,1
DA:161,1
DA:162,1
DA:165,4
DA:166,1
DA:167,2
DA:168,1
DA:170,1
DA:171,1
DA:173,1
DA:175,1
DA:176,1
DA:177,1
DA:180,4
DA:181,1
DA:182,2
DA:183,2
DA:184,1
DA:186,1
DA:187,1
DA:188,1
DA:189,1
DA:191,1
DA:192,1
DA:194,1
DA:196,1
DA:197,1
DA:199,1
DA:200,0
DA:203,1
DA:204,4
DA:205,2
DA:208,1
DA:210,1
DA:211,1
DA:212,0
DA:215,1
DA:216,4
DA:217,2
DA:220,1
DA:222,1
DA:223,1
DA:224,1
LF:148
LH:142
end_of_record
TN:
SF:/usr/include/c++/13/bits/alloc_traits.h
FNF:0
FNH:0
DA:588,59
LF:1
LH:1
end_of_record
TN:
SF:/usr/include/c++/13/bits/allocator.h
FNF:0
FNH:0
DA:163,89
DA:168,59
DA:184,147
LF:3
LH:3
end_of_record
TN:
SF:/usr/include/c++/13/bits/basic_string.h
FN:3528,3541,_ZSt12__str_concatINSt7__cxx1112basic_stringIcSt11char_traitsIcESaIcEEEET_PKNS6_10value_typeENS6_9size_typeES9_SA_RKNS6_14allocator_typeE
FN:3553,3560,_ZStplIcSt11char_traitsIcESaIcEENSt7__cxx1112basic_stringIT_T0_T1_EERKS8_SA_
FN:3637,3639,_ZStplIcSt11char_traitsIcESaIcEENSt7__cxx1112basic_stringIT_T0_T1_EEOS8_RKS8_
FN:3651,3669,_ZStplIcSt11char_traitsIcESaIcEENSt7__cxx1112basic_stringIT_T0_T1_EEOS8_S9_
FN:3674,3676,_ZStplIcSt11char_traitsIcESaIcEENSt7__cxx1112basic_stringIT_T0_T1_EEPKS5_OS8_
FN:3688,3690,_ZStplIcSt11char_traitsIcESaIcEENSt7__cxx1112basic_stringIT_T0_T1_EEOS8_PKS5_
FN:3710,3716,_ZSteqIcSt11char_traitsIcESaIcEEbRKNSt7__cxx1112basic_stringIT_T0_T1_EESA_
FN:3788,3791,_ZStneIcSt11char_traitsIcESaIcEEbRKNSt7__cxx1112basic_stringIT_T0_T1_EESA_
FN:4162,4173,_ZNSt7__cxx119to_stringEi
FN:4177,4185,_ZNSt7__cxx119to_stringEj
FN:641,650,_ZNSt7__cxx1112basic_stringIcSt11char_traitsIcESaIcEEC2IS3_EEPKcRKS3_
FN:664,666,_ZNSt7__cxx1112basic_stringIcSt11char_traitsIcESaIcEEC2IS3_EEmcRKS3_
FN:795,796,_ZNSt7__cxx1112basic_stringIcSt11char_traitsIcESaIcEEC2ISt17basic_string_viewIcS2_EvEERKT_RKS3_
FNDA:59,_ZSt12__str_concatINSt7__cxx1112basic_stringIcSt11char_traitsIcESaIcEEEET_PKNS6_10value_typeENS6_9size_typeES9_SA_RKNS6_14allocator_typeE
FNDA:52,_ZStplIcSt11char_traitsIcESaIcEENSt7__cxx1112basic_stringIT_T0_T1_EERKS8_SA_
FNDA:39,_ZStplIcSt11char_traitsIcESaIcEENSt7__cxx1112basic_stringIT_T0_T1_EEOS8_RKS8_
FNDA:6,_ZStplIcSt11char_traitsIcESaIcEENSt7__cxx1112basic_stringIT_T0_T1_EEOS8_S9_
FNDA:16,_ZStplIcSt11char_traitsIcESaIcEENSt7__cxx1112basic_stringIT_T0_T1_EEPKS5_OS8_
FNDA:74,_ZStplIcSt11char_traitsIcESaIcEENSt7__cxx1112basic_stringIT_T0_T1_EEOS8_PKS5_
FNDA:2,_ZSteqIcSt11char_traitsIcESaIcEEbRKNSt7__cxx1112basic_stringIT_T0_T1_EESA_
FNDA:1,_ZStneIcSt11char_traitsIcESaIcEEbRKNSt7__cxx1112basic_stringIT_T0_T1_EESA_
FNDA:10,_ZNSt7__cxx119to_stringEi
FNDA:6,_ZNSt7__cxx119to_stringEj
FNDA:117,_ZNSt7__cxx1112basic_stringIcSt11char_traitsIcESaIcEEC2IS3_EEPKcRKS3_
FNDA:16,_ZNSt7__cxx1112basic_stringIcSt11char_traitsIcESaIcEEC2IS3_EEmcRKS3_
FNDA:8,_ZNSt7__cxx1112basic_stringIcSt11char_traitsIcESaIcEEC2ISt17basic_string_viewIcS2_EvEERKT_RKS3_
FNF:13
FNH:13
DA:355,0
DA:641,117
DA:642,117
DA:645,117
DA:646,0
DA:648,117
DA:649,117
DA:650,117
DA:664,16
DA:665,16
DA:666,16
DA:795,8
DA:796,8
DA:3528,59
DA:3536,59
DA:3537,59
DA:3538,59
DA:3539,59
DA:3540,59
DA:3541,0
DA:3553,52
DA:3559,104
DA:3637,39
DA:3639,39
DA:3651,6
DA:3656,6
DA:3658,6
DA:3661,6
DA:3664,6
DA:3665,6
DA:3666,0
DA:3668,6
DA:3674,16
DA:3676,16
DA:3688,74
DA:3690,74
DA:3710,2
DA:3714,2
DA:3715,2
DA:3788,1
DA:3791,1
DA:4162,10
DA:4167,10
DA:4168,10
DA:4169,10
DA:4170,10
DA:4171,10
DA:4172,10
DA:4177,6
DA:4182,6
DA:4183,6
DA:4184,6
LF:52
LH:48
end_of_record
TN:
SF:/usr/include/c++/13/bits/basic_string.tcc
FN:221,252,_ZNSt7__cxx1112basic_stringIcSt11char_traitsIcESaIcEE12_M_constructIPKcEEvT_S8_St20forward_iterator_tag
FN:221,252,_ZNSt7__cxx1112basic_stringIcSt11char_traitsIcESaIcEE12_M_constructIPcEEvT_S7_St20forward_iterator_tag
FN:239,239,_ZZNSt7__cxx1112basic_stringIcSt11char_traitsIcESaIcEE12_M_constructIPKcEEvT_S8_St20forward_iterator_tagEN6_GuardC2EPS4_
FN:239,239,_ZZNSt7__cxx1112basic_stringIcSt11char_traitsIcESaIcEE12_M_constructIPcEEvT_S7_St20forward_iterator_tagEN6_GuardC2EPS4_
FN:242,242,_ZZNSt7__cxx1112basic_stringIcSt11char_traitsIcESaIcEE12_M_constructIPKcEEvT_S8_St20forward_iterator_tagEN6_GuardD2Ev
FN:242,242,_ZZNSt7__cxx1112basic_stringIcSt11char_traitsIcESaIcEE12_M_constructIPcEEvT_S7_St20forward_iterator_tagEN6_GuardD2Ev
FNDA:123,_ZNSt7__cxx1112basic_stringIcSt11char_traitsIcESaIcEE12_M_constructIPKcEEvT_S8_St20forward_iterator_tag
FNDA:0,_ZNSt7__cxx1112basic_stringIcSt11char_traitsIcESaIcEE12_M_constructIPcEEvT_S7_St20forward_iterator_tag
FNDA:123,_ZZNSt7__cxx1112basic_stringIcSt11char_traitsIcESaIcEE12_M_constructIPKcEEvT_S8_St20forward_iterator_tagEN6_GuardC2EPS4_
FNDA:0,_ZZNSt7__cxx1112basic_stringIcSt11char_traitsIcESaIcEE12_M_constructIPcEEvT_S7_St20forward_iterator_tagEN6_GuardC2EPS4_
FNDA:123,_ZZNSt7__cxx1112basic_stringIcSt11char_traitsIcESaIcEE12_M_constructIPKcEEvT_S8_St20forward_iterator_tagEN6_GuardD2Ev
FNDA:0,_ZZNSt7__cxx1112basic_stringIcSt11char_traitsIcESaIcEE12_M_constructIPcEEvT_S7_St20forward_iterator_tagEN6_GuardD2Ev
FNF:6
FNH:3
DA:221,123
DA:225,123
DA:227,123
DA:229,54
DA:230,54
DA:239,123
DA:242,123
DA:245,123
DA:247,123
DA:249,123
DA:251,123
DA:252,123
LF:12
LH:12
end_of_record
TN:
SF:/usr/include/c++/13/bits/char_traits.h
FN:136,137,_ZN9__gnu_cxx11char_traitsIcE2eqERKcS3_
FN:199,206,_ZN9__gnu_cxx11char_traitsIcE6lengthEPKc
FN:366,371,_ZNSt11char_traitsIcE2ltERKcS2_
FN:374,390,_ZNSt11char_traitsIcE7compareEPKcS2_m
FN:393,400,_ZNSt11char_traitsIcE6lengthEPKc
FN:427,436,_ZNSt11char_traitsIcE4copyEPcPKcm
FNDA:0,_ZN9__gnu_cxx11char_traitsIcE2eqERKcS3_
FNDA:0,_ZN9__gnu_cxx11char_traitsIcE6lengthEPKc
FNDA:0,_ZNSt11char_traitsIcE2ltERKcS2_
FNDA:1,_ZNSt11char_traitsIcE7compareEPKcS2_m
FNDA:126,_ZNSt11char_traitsIcE6lengthEPKc
FNDA:0,_ZNSt11char_traitsIcE4copyEPcPKcm
FNF:6
FNH:2
DA:136,0
DA:137,0
DA:199,0
DA:202,0
DA:203,0
DA:204,0
DA:205,0
DA:366,0
DA:369,0
DA:370,0
DA:374,1
DA:376,1
DA:377,0
DA:379,1
DA:381,0
DA:382,0
DA:383,0
DA:384,0
DA:385,0
DA:386,0
DA:389,1
DA:393,126
DA:396,126
DA:397,0
DA:399,126
DA:427,0
DA:429,0
DA:430,0
DA:435,0
LF:29
LH:7
end_of_record
TN:
SF:/usr/include/c++/13/bits/charconv.h
FN:55,74,_ZNSt8__detail14__to_chars_lenIjEEjT_i
FN:81,110,_ZNSt8__detail18__to_chars_10_implIjEEvPcjT_
FNDA:16,_ZNSt8__detail14__to_chars_lenIjEEjT_i
FNDA:16,_ZNSt8__detail18__to_chars_10_implIjEEvPcjT_
FNF:2
FNH:2
DA:55,16
DA:61,16
DA:62,16
DA:63,16
DA:64,16
DA:67,16
DA:68,0
DA:69,0
DA:70,0
DA:71,0
DA:72,0
DA:81,16
DA:87,16
DA:93,16
DA:94,16
DA:96,0
DA:97,0
DA:98,0
DA:99,0
DA:100,0
DA:102,16
DA:104,0
DA:105,0
DA:106,0
DA:109,16
DA:110,16
LF:26
LH:13
end_of_record
TN:
SF:/usr/include/c++/13/bits/fs_dir.h
FN:77,77,_ZNKSt10filesystem11file_status4typeEv
FNDA:54,_ZNKSt10filesystem11file_status4typeEv
FNF:1
FNH:1
DA:77,54
LF:1
LH:1
end_of_record
TN:
SF:/usr/include/c++/13/bits/fs_ops.h
FN:128,129,_ZNSt10filesystem6existsENS_11file_statusE
FN:133,134,_ZNSt10filesystem6existsERKNS_7__cxx114pathE
FN:363,364,_ZNSt10filesystem12status_knownENS_11file_statusE
FNDA:27,_ZNSt10filesystem6existsENS_11file_statusE
FNDA:27,_ZNSt10filesystem6existsERKNS_7__cxx114pathE
FNDA:27,_ZNSt10filesystem12status_knownENS_11file_statusE
FNF:3
FNH:3
DA:128,27
DA:129,27
DA:133,27
DA:134,27
DA:363,27
DA:364,27
LF:6
LH:6
end_of_record
TN:
SF:/usr/include/c++/13/bits/fs_path.h
FN:183,185,_ZNSt10filesystem7__cxx118__detail17__effective_rangeIcSt11char_traitsIcESaIcEEESt17basic_string_viewIT_S3_IS7_EERKNSt7__cxx1112basic_stringIS7_T0_T1_EE
FN:324,326,_ZNSt10filesystem7__cxx114pathC2EONSt7__cxx1112basic_stringIcSt11char_traitsIcESaIcEEENS1_6formatE
FN:330,332,_ZNSt10filesystem7__cxx114pathC2INSt7__cxx1112basic_stringIcSt11char_traitsIcESaIcEEES1_EERKT_NS1_6formatE
FN:355,355,_ZNSt10filesystem7__cxx114pathD2Ev
FN:618,633,_ZNSt10filesystem7__cxx114path10_S_convertISt17basic_string_viewIcSt11char_traitsIcEEEEDaT_
FN:689,689,_ZNSt10filesystem7__cxx114path5_ListD2Ev
FNDA:8,_ZNSt10filesystem7__cxx118__detail17__effective_rangeIcSt11char_traitsIcESaIcEEESt17basic_string_viewIT_S3_IS7_EERKNSt7__cxx1112basic_stringIS7_T0_T1_EE
FNDA:35,_ZNSt10filesystem7__cxx114pathC2EONSt7__cxx1112basic_stringIcSt11char_traitsIcESaIcEEENS1_6formatE
FNDA:8,_ZNSt10filesystem7__cxx114pathC2INSt7__cxx1112basic_stringIcSt11char_traitsIcESaIcEEES1_EERKT_NS1_6formatE
FNDA:43,_ZNSt10filesystem7__cxx114pathD2Ev
FNDA:8,_ZNSt10filesystem7__cxx114path10_S_convertISt17basic_string_viewIcSt11char_traitsIcEEEEDaT_
FNDA:43,_ZNSt10filesystem7__cxx114path5_ListD2Ev
FNF:6
FNH:6
DA:183,8
DA:185,8
DA:324,35
DA:325,35
DA:326,35
DA:330,8
DA:331,16
DA:332,8
DA:355,43
DA:618,8
DA:622,8
DA:689,43
LF:12
LH:12
end_of_record
TN:
SF:/usr/include/c++/13/bits/move.h
FN:97,98,_ZSt4moveIRNSt7__cxx1112basic_stringIcSt11char_traitsIcESaIcEEEEONSt16remove_referenceIT_E4typeEOS8_
FN:97,98,_ZSt4moveIRPNSt10filesystem7__cxx114path5_List5_ImplEEONSt16remove_referenceIT_E4typeEOS8_
FN:97,98,_ZSt4moveIRPNSt7__cxx1112basic_stringIcSt11char_traitsIcESaIcEEEEONSt16remove_referenceIT_E4typeEOS9_
FN:97,98,_ZSt4moveIRPNSt7__cxx1118basic_stringstreamIcSt11char_traitsIcESaIcEEEEONSt16remove_referenceIT_E4typeEOS9_
FN:97,98,_ZSt4moveIRSaIcEEONSt16remove_referenceIT_E4typeEOS3_
FNDA:199,_ZSt4moveIRNSt7__cxx1112basic_stringIcSt11char_traitsIcESaIcEEEEONSt16remove_referenceIT_E4typeEOS8_
FNDA:43,_ZSt4moveIRPNSt10filesystem7__cxx114path5_List5_ImplEEONSt16remove_referenceIT_E4typeEOS8_
FNDA:0,_ZSt4moveIRPNSt7__cxx1112basic_stringIcSt11char_traitsIcESaIcEEEEONSt16remove_referenceIT_E4typeEOS9_
FNDA:59,_ZSt4moveIRPNSt7__cxx1118basic_stringstreamIcSt11char_traitsIcESaIcEEEEONSt16remove_referenceIT_E4typeEOS9_
FNDA:0,_ZSt4moveIRSaIcEEONSt16remove_referenceIT_E4typeEOS3_
FNF:5
FNH:3
DA:97,301
DA:98,301
LF:2
LH:2
end_of_record
TN:
SF:/usr/include/c++/13/bits/new_allocator.h
FN:104,104,_ZNSt15__new_allocatorIcED2Ev
FNDA:266,_ZNSt15__new_allocatorIcED2Ev
FNF:1
FNH:1
DA:88,89
DA:92,59
DA:104,266
LF:3
LH:3
end_of_record
TN:
SF:/usr/include/c++/13/bits/std_mutex.h
FN:104,104,_ZNSt5mutexC2Ev
FN:111,118,_ZNSt5mutex4lockEv
FN:129,133,_ZNSt5mutex6unlockEv
FN:248,249,_ZNSt10lock_guardISt5mutexEC2ERS0_
FN:254,255,_ZNSt10lock_guardISt5mutexED2Ev
FN:67,67,_ZNSt12__mutex_baseC2Ev
FNDA:1,_ZNSt5mutexC2Ev
FNDA:20,_ZNSt5mutex4lockEv
FNDA:20,_ZNSt5mutex6unlockEv
FNDA:20,_ZNSt10lock_guardISt5mutexEC2ERS0_
FNDA:20,_ZNSt10lock_guardISt5mutexED2Ev
FNDA:1,_ZNSt12__mutex_baseC2Ev
FNF:6
FNH:6
DA:67,1
DA:104,1
DA:111,20
DA:113,20
DA:116,20
DA:117,0
DA:118,20
DA:129,20
DA:132,20
DA:133,20
DA:248,20
DA:249,20
DA:254,20
DA:255,20
LF:14
LH:13
end_of_record
TN:
SF:/usr/include/c++/13/bits/stl_iterator_base_funcs.h
FNF:0
FNH:0
DA:106,0
DA:151,0
DA:152,0
LF:3
LH:0
end_of_record
TN:
SF:/usr/include/c++/13/bits/stl_iterator_base_types.h
FNF:0
FNH:0
DA:240,0
LF:1
LH:0
end_of_record
TN:
SF:/usr/include/c++/13/bits/unique_ptr.h
FN:174,174,_ZNSt15__uniq_ptr_implINSt7__cxx1112basic_stringIcSt11char_traitsIcESaIcEEESt14default_deleteIS5_EEC2Ev
FN:197,197,_ZNSt15__uniq_ptr_implINSt10filesystem7__cxx114path5_List5_ImplENS3_13_Impl_deleterEE6_M_ptrEv
FN:197,197,_ZNSt15__uniq_ptr_implINSt7__cxx1112basic_stringIcSt11char_traitsIcESaIcEEESt14default_deleteIS5_EE6_M_ptrEv
FN:197,197,_ZNSt15__uniq_ptr_implINSt7__cxx1118basic_stringstreamIcSt11char_traitsIcESaIcEEESt14default_deleteIS5_EE6_M_ptrEv
FN:199,199,_ZNKSt15__uniq_ptr_implINSt7__cxx1118basic_stringstreamIcSt11char_traitsIcESaIcEEESt14default_deleteIS5_EE6_M_ptrEv
FN:201,201,_ZNSt15__uniq_ptr_implINSt10filesystem7__cxx114path5_List5_ImplENS3_13_Impl_deleterEE10_M_deleterEv
FN:201,201,_ZNSt15__uniq_ptr_implINSt7__cxx1112basic_stringIcSt11char_traitsIcESaIcEEESt14default_deleteIS5_EE10_M_deleterEv
FN:201,201,_ZNSt15__uniq_ptr_implINSt7__cxx1118basic_stringstreamIcSt11char_traitsIcESaIcEEESt14default_deleteIS5_EE10_M_deleterEv
FN:304,306,_ZNSt10unique_ptrINSt7__cxx1112basic_stringIcSt11char_traitsIcESaIcEEESt14default_deleteIS5_EEC2IS7_vEEv
FN:398,406,_ZNSt10unique_ptrINSt10filesystem7__cxx114path5_List5_ImplENS3_13_Impl_deleterEED2Ev
FN:398,406,_ZNSt10unique_ptrINSt7__cxx1112basic_stringIcSt11char_traitsIcESaIcEEESt14default_deleteIS5_EED2Ev
FN:398,406,_ZNSt10unique_ptrINSt7__cxx1118basic_stringstreamIcSt11char_traitsIcESaIcEEESt14default_deleteIS5_EED2Ev
FN:451,455,_ZNKSt10unique_ptrINSt7__cxx1118basic_stringstreamIcSt11char_traitsIcESaIcEEESt14default_deleteIS5_EEdeEv
FN:469,470,_ZNKSt10unique_ptrINSt7__cxx1118basic_stringstreamIcSt11char_traitsIcESaIcEEESt14default_deleteIS5_EE3getEv
FN:475,476,_ZNSt10unique_ptrINSt10filesystem7__cxx114path5_List5_ImplENS3_13_Impl_deleterEE11get_deleterEv
FN:475,476,_ZNSt10unique_ptrINSt7__cxx1112basic_stringIcSt11char_traitsIcESaIcEEESt14default_deleteIS5_EE11get_deleterEv
FN:475,476,_ZNSt10unique_ptrINSt7__cxx1118basic_stringstreamIcSt11char_traitsIcESaIcEEESt14default_deleteIS5_EE11get_deleterEv
FN:93,100,_ZNKSt14default_deleteINSt7__cxx1112basic_stringIcSt11char_traitsIcESaIcEEEEclEPS5_
FN:93,100,_ZNKSt14default_deleteINSt7__cxx1118basic_stringstreamIcSt11char_traitsIcESaIcEEEEclEPS5_
FNDA:12,_ZNSt15__uniq_ptr_implINSt7__cxx1112basic_stringIcSt11char_traitsIcESaIcEEESt14default_deleteIS5_EEC2Ev
FNDA:43,_ZNSt15__uniq_ptr_implINSt10filesystem7__cxx114path5_List5_ImplENS3_13_Impl_deleterEE6_M_ptrEv
FNDA:12,_ZNSt15__uniq_ptr_implINSt7__cxx1112basic_stringIcSt11char_traitsIcESaIcEEESt14default_deleteIS5_EE6_M_ptrEv
FNDA:118,_ZNSt15__uniq_ptr_implINSt7__cxx1118basic_stringstreamIcSt11char_traitsIcESaIcEEESt14default_deleteIS5_EE6_M_ptrEv
FNDA:591,_ZNKSt15__uniq_ptr_implINSt7__cxx1118basic_stringstreamIcSt11char_traitsIcESaIcEEESt14default_deleteIS5_EE6_M_ptrEv
FNDA:43,_ZNSt15__uniq_ptr_implINSt10filesystem7__cxx114path5_List5_ImplENS3_13_Impl_deleterEE10_M_deleterEv
FNDA:0,_ZNSt15__uniq_ptr_implINSt7__cxx1112basic_stringIcSt11char_traitsIcESaIcEEESt14default_deleteIS5_EE10_M_deleterEv
FNDA:59,_ZNSt15__uniq_ptr_implINSt7__cxx1118basic_stringstreamIcSt11char_traitsIcESaIcEEESt14default_deleteIS5_EE10_M_deleterEv
FNDA:12,_ZNSt10unique_ptrINSt7__cxx1112basic_stringIcSt11char_traitsIcESaIcEEESt14default_deleteIS5_EEC2IS7_vEEv
FNDA:43,_ZNSt10unique_ptrINSt10filesystem7__cxx114path5_List5_ImplENS3_13_Impl_deleterEED2Ev
FNDA:12,_ZNSt10unique_ptrINSt7__cxx1112basic_stringIcSt11char_traitsIcESaIcEEESt14default_deleteIS5_EED2Ev
FNDA:59,_ZNSt10unique_ptrINSt7__cxx1118basic_stringstreamIcSt11char_traitsIcESaIcEEESt14default_deleteIS5_EED2Ev
FNDA:532,_ZNKSt10unique_ptrINSt7__cxx1118basic_stringstreamIcSt11char_traitsIcESaIcEEESt14default_deleteIS5_EEdeEv
FNDA:591,_ZNKSt10unique_ptrINSt7__cxx1118basic_stringstreamIcSt11char_traitsIcESaIcEEESt14default_deleteIS5_EE3getEv
FNDA:43,_ZNSt10unique_ptrINSt10filesystem7__cxx114path5_List5_ImplENS3_13_Impl_deleterEE11get_deleterEv
FNDA:0,_ZNSt10unique_ptrINSt7__cxx1112basic_stringIcSt11char_traitsIcESaIcEEESt14default_deleteIS5_EE11get_deleterEv
FNDA:59,_ZNSt10unique_ptrINSt7__cxx1118basic_stringstreamIcSt11char_traitsIcESaIcEEESt14default_deleteIS5_EE11get_deleterEv
FNDA:0,_ZNKSt14default_deleteINSt7__cxx1112basic_stringIcSt11char_traitsIcESaIcEEEEclEPS5_
FNDA:59,_ZNKSt14default_deleteINSt7__cxx1118basic_stringstreamIcSt11char_traitsIcESaIcEEEEclEPS5_
FNF:19
FNH:16
DA:93,59
DA:99,59
DA:100,59
DA:174,12
DA:197,173
DA:199,591
DA:201,102
DA:304,12
DA:305,12
DA:306,12
DA:398,114
DA:402,114
DA:403,114
DA:404,102
DA:405,114
DA:406,114
DA:451,532
DA:453,532
DA:454,532
DA:469,591
DA:470,591
DA:475,102
DA:476,102
LF:23
LH:23
end_of_record
TN:
SF:/usr/include/c++/13/ext/alloc_traits.h
FNF:0
FNH:0
DA:98,59
LF:1
LH:1
end_of_record
TN:
SF:/usr/include/c++/13/string_view
FN:229,230,_ZNKSt17basic_string_viewIcSt11char_traitsIcEE4sizeEv
FN:289,290,_ZNKSt17basic_string_viewIcSt11char_traitsIcEE4dataEv
FNDA:0,_ZNKSt17basic_string_viewIcSt11char_traitsIcEE4sizeEv
FNDA:0,_ZNKSt17basic_string_viewIcSt11char_traitsIcEE4dataEv
FNF:2
FNH:0
DA:229,0
DA:230,0
DA:289,0
DA:290,0
LF:4
LH:0
end_of_record
TN:
SF:/usr/include/c++/13/tuple
FN:125,125,_ZNSt10_Head_baseILm1ENSt10filesystem7__cxx114path5_List13_Impl_deleterELb1EE7_M_headERS5_
FN:125,125,_ZNSt10_Head_baseILm1ESt14default_deleteINSt7__cxx1112basic_stringIcSt11char_traitsIcESaIcEEEELb1EE7_M_headERS8_
FN:125,125,_ZNSt10_Head_baseILm1ESt14default_deleteINSt7__cxx1118basic_stringstreamIcSt11char_traitsIcESaIcEEEELb1EE7_M_headERS8_
FN:1317,1319,_ZNSt5tupleIJPNSt7__cxx1112basic_stringIcSt11char_traitsIcESaIcEEESt14default_deleteIS5_EEEC2ILb1ELb1EEEv
FN:1787,1788,_ZSt12__get_helperILm0EPNSt10filesystem7__cxx114path5_List5_ImplEJNS3_13_Impl_deleterEEERT0_RSt11_Tuple_implIXT_EJS7_DpT1_EE
FN:1787,1788,_ZSt12__get_helperILm0EPNSt7__cxx1112basic_stringIcSt11char_traitsIcESaIcEEEJSt14default_deleteIS5_EEERT0_RSt11_Tuple_implIXT_EJS9_DpT1_EE
FN:1787,1788,_ZSt12__get_helperILm0EPNSt7__cxx1118basic_stringstreamIcSt11char_traitsIcESaIcEEEJSt14default_deleteIS5_EEERT0_RSt11_Tuple_implIXT_EJS9_DpT1_EE
FN:1787,1788,_ZSt12__get_helperILm1ENSt10filesystem7__cxx114path5_List13_Impl_deleterEJEERT0_RSt11_Tuple_implIXT_EJS5_DpT1_EE
FN:1787,1788,_ZSt12__get_helperILm1ESt14default_deleteINSt7__cxx1112basic_stringIcSt11char_traitsIcESaIcEEEEJEERT0_RSt11_Tuple_implIXT_EJS8_DpT1_EE
FN:1787,1788,_ZSt12__get_helperILm1ESt14default_deleteINSt7__cxx1118basic_stringstreamIcSt11char_traitsIcESaIcEEEEJEERT0_RSt11_Tuple_implIXT_EJS8_DpT1_EE
FN:1792,1793,_ZSt12__get_helperILm0EPNSt7__cxx1118basic_stringstreamIcSt11char_traitsIcESaIcEEEJSt14default_deleteIS5_EEERKT0_RKSt11_Tuple_implIXT_EJS9_DpT1_EE
FN:1803,1804,_ZSt3getILm0EJPNSt10filesystem7__cxx114path5_List5_ImplENS3_13_Impl_deleterEEERNSt13tuple_elementIXT_ESt5tupleIJDpT0_EEE4typeERSB_
FN:1803,1804,_ZSt3getILm0EJPNSt7__cxx1112basic_stringIcSt11char_traitsIcESaIcEEESt14default_deleteIS5_EEERNSt13tuple_elementIXT_ESt5tupleIJDpT0_EEE4typeERSD_
FN:1803,1804,_ZSt3getILm0EJPNSt7__cxx1118basic_stringstreamIcSt11char_traitsIcESaIcEEESt14default_deleteIS5_EEERNSt13tuple_elementIXT_ESt5tupleIJDpT0_EEE4typeERSD_
FN:1803,1804,_ZSt3getILm1EJPNSt10filesystem7__cxx114path5_List5_ImplENS3_13_Impl_deleterEEERNSt13tuple_elementIXT_ESt5tupleIJDpT0_EEE4typeERSB_
FN:1803,1804,_ZSt3getILm1EJPNSt7__cxx1112basic_stringIcSt11char_traitsIcESaIcEEESt14default_deleteIS5_EEERNSt13tuple_elementIXT_ESt5tupleIJDpT0_EEE4typeERSD_
FN:1803,1804,_ZSt3getILm1EJPNSt7__cxx1118basic_stringstreamIcSt11char_traitsIcESaIcEEESt14default_deleteIS5_EEERNSt13tuple_elementIXT_ESt5tupleIJDpT0_EEE4typeERSD_
FN:1809,1810,_ZSt3getILm0EJPNSt7__cxx1118basic_stringstreamIcSt11char_traitsIcESaIcEEESt14default_deleteIS5_EEERKNSt13tuple_elementIXT_ESt5tupleIJDpT0_EEE4typeERKSD_
FN:190,191,_ZNSt10_Head_baseILm0EPNSt7__cxx1112basic_stringIcSt11char_traitsIcESaIcEEELb0EEC2Ev
FN:234,234,_ZNSt10_Head_baseILm0EPNSt10filesystem7__cxx114path5_List5_ImplELb0EE7_M_headERS6_
FN:234,234,_ZNSt10_Head_baseILm0EPNSt7__cxx1112basic_stringIcSt11char_traitsIcESaIcEEELb0EE7_M_headERS7_
FN:234,234,_ZNSt10_Head_baseILm0EPNSt7__cxx1118basic_stringstreamIcSt11char_traitsIcESaIcEEELb0EE7_M_headERS7_
FN:237,237,_ZNSt10_Head_baseILm0EPNSt7__cxx1118basic_stringstreamIcSt11char_traitsIcESaIcEEELb0EE7_M_headERKS7_
FN:269,269,_ZNSt11_Tuple_implILm0EJPNSt10filesystem7__cxx114path5_List5_ImplENS3_13_Impl_deleterEEE7_M_headERS7_
FN:269,269,_ZNSt11_Tuple_implILm0EJPNSt7__cxx1112basic_stringIcSt11char_traitsIcESaIcEEESt14default_deleteIS5_EEE7_M_headERS9_
FN:269,269,_ZNSt11_Tuple_implILm0EJPNSt7__cxx1118basic_stringstreamIcSt11char_traitsIcESaIcEEESt14default_deleteIS5_EEE7_M_headERS9_
FN:272,272,_ZNSt11_Tuple_implILm0EJPNSt7__cxx1118basic_stringstreamIcSt11char_traitsIcESaIcEEESt14default_deleteIS5_EEE7_M_headERKS9_
FN:280,281,_ZNSt11_Tuple_implILm0EJPNSt7__cxx1112basic_stringIcSt11char_traitsIcESaIcEEESt14default_deleteIS5_EEEC2Ev
FN:497,497,_ZNSt11_Tuple_implILm1EJNSt10filesystem7__cxx114path5_List13_Impl_deleterEEE7_M_headERS5_
FN:497,497,_ZNSt11_Tuple_implILm1EJSt14default_deleteINSt7__cxx1112basic_stringIcSt11char_traitsIcESaIcEEEEEE7_M_headERS8_
FN:497,497,_ZNSt11_Tuple_implILm1EJSt14default_deleteINSt7__cxx1118basic_stringstreamIcSt11char_traitsIcESaIcEEEEEE7_M_headERS8_
FN:503,504,_ZNSt11_Tuple_implILm1EJSt14default_deleteINSt7__cxx1112basic_stringIcSt11char_traitsIcESaIcEEEEEEC2Ev
FN:81,82,_ZNSt10_Head_baseILm1ESt14default_deleteINSt7__cxx1112basic_stringIcSt11char_traitsIcESaIcEEEELb1EEC2Ev
FNDA:43,_ZNSt10_Head_baseILm1ENSt10filesystem7__cxx114path5_List13_Impl_deleterELb1EE7_M_headERS5_
FNDA:0,_ZNSt10_Head_baseILm1ESt14default_deleteINSt7__cxx1112basic_stringIcSt11char_traitsIcESaIcEEEELb1EE7_M_headERS8_
FNDA:59,_ZNSt10_Head_baseILm1ESt14default_deleteINSt7__cxx1118basic_stringstreamIcSt11char_traitsIcESaIcEEEELb1EE7_M_headERS8_
FNDA:12,_ZNSt5tupleIJPNSt7__cxx1112basic_stringIcSt11char_traitsIcESaIcEEESt14default_deleteIS5_EEEC2ILb1ELb1EEEv
FNDA:43,_ZSt12__get_helperILm0EPNSt10filesystem7__cxx114path5_List5_ImplEJNS3_13_Impl_deleterEEERT0_RSt11_Tuple_implIXT_EJS7_DpT1_EE
FNDA:12,_ZSt12__get_helperILm0EPNSt7__cxx1112basic_stringIcSt11char_traitsIcESaIcEEEJSt14default_deleteIS5_EEERT0_RSt11_Tuple_implIXT_EJS9_DpT1_EE
FNDA:118,_ZSt12__get_helperILm0EPNSt7__cxx1118basic_stringstreamIcSt11char_traitsIcESaIcEEEJSt14default_deleteIS5_EEERT0_RSt11_Tuple_implIXT_EJS9_DpT1_EE
FNDA:43,_ZSt12__get_helperILm1ENSt10filesystem7__cxx114path5_List13_Impl_deleterEJEERT0_RSt11_Tuple_implIXT_EJS5_DpT1_EE
FNDA:0,_ZSt12__get_helperILm1ESt14default_deleteINSt7__cxx1112basic_stringIcSt11char_traitsIcESaIcEEEEJEERT0_RSt11_Tuple_implIXT_EJS8_DpT1_EE
FNDA:59,_ZSt12__get_helperILm1ESt14default_deleteINSt7__cxx1118basic_stringstreamIcSt11char_traitsIcESaIcEEEEJEERT0_RSt11_Tuple_implIXT_EJS8_DpT1_EE
FNDA:591,_ZSt12__get_helperILm0EPNSt7__cxx1118basic_stringstreamIcSt11char_traitsIcESaIcEEEJSt14default_deleteIS5_EEERKT0_RKSt11_Tuple_implIXT_EJS9_DpT1_EE
FNDA:43,_ZSt3getILm0EJPNSt10filesystem7__cxx114path5_List5_ImplENS3_13_Impl_deleterEEERNSt13tuple_elementIXT_ESt5tupleIJDpT0_EEE4typeERSB_
FNDA:12,_ZSt3getILm0EJPNSt7__cxx1112basic_stringIcSt11char_traitsIcESaIcEEESt14default_deleteIS5_EEERNSt13tuple_elementIXT_ESt5tupleIJDpT0_EEE4typeERSD_
FNDA:118,_ZSt3getILm0EJPNSt7__cxx1118basic_stringstreamIcSt11char_traitsIcESaIcEEESt14default_deleteIS5_EEERNSt13tuple_elementIXT_ESt5tupleIJDpT0_EEE4typeERSD_
FNDA:43,_ZSt3getILm1EJPNSt10filesystem7__cxx114path5_List5_ImplENS3_13_Impl_deleterEEERNSt13tuple_elementIXT_ESt5tupleIJDpT0_EEE4typeERSB_
FNDA:0,_ZSt3getILm1EJPNSt7__cxx1112basic_stringIcSt11char_traitsIcESaIcEEESt14default_deleteIS5_EEERNSt13tuple_elementIXT_ESt5tupleIJDpT0_EEE4typeERSD_
FNDA:59,_ZSt3getILm1EJPNSt7__cxx1118basic_stringstreamIcSt11char_traitsIcESaIcEEESt14default_deleteIS5_EEERNSt13tuple_elementIXT_ESt5tupleIJDpT0_EEE4typeERSD_
FNDA:591,_ZSt3getILm0EJPNSt7__cxx1118basic_stringstreamIcSt11char_traitsIcESaIcEEESt14default_deleteIS5_EEERKNSt13tuple_elementIXT_ESt5tupleIJDpT0_EEE4typeERKSD_
FNDA:12,_ZNSt10_Head_baseILm0EPNSt7__cxx1112basic_stringIcSt11char_traitsIcESaIcEEELb0EEC2Ev
FNDA:43,_ZNSt10_Head_baseILm0EPNSt10filesystem7__cxx114path5_List5_ImplELb0EE7_M_headERS6_
FNDA:12,_ZNSt10_Head_baseILm0EPNSt7__cxx1112basic_stringIcSt11char_traitsIcESaIcEEELb0EE7_M_headERS7_
FNDA:118,_ZNSt10_Head_baseILm0EPNSt7__cxx1118basic_stringstreamIcSt11char_traitsIcESaIcEEELb0EE7_M_headERS7_
FNDA:591,_ZNSt10_Head_baseILm0EPNSt7__cxx1118basic_stringstreamIcSt11char_traitsIcESaIcEEELb0EE7_M_headERKS7_
FNDA:43,_ZNSt11_Tuple_implILm0EJPNSt10filesystem7__cxx114path5_List5_ImplENS3_13_Impl_deleterEEE7_M_headERS7_
FNDA:12,_ZNSt11_Tuple_implILm0EJPNSt7__cxx1112basic_stringIcSt11char_traitsIcESaIcEEESt14default_deleteIS5_EEE7_M_headERS9_
FNDA:118,_ZNSt11_Tuple_implILm0EJPNSt7__cxx1118basic_stringstreamIcSt11char_traitsIcESaIcEEESt14default_deleteIS5_EEE7_M_headERS9_
FNDA:591,_ZNSt11_Tuple_implILm0EJPNSt7__cxx1118basic_stringstreamIcSt11char_traitsIcESaIcEEESt14default_deleteIS5_EEE7_M_headERKS9_
FNDA:12,_ZNSt11_Tuple_implILm0EJPNSt7__cxx1112basic_stringIcSt11char_traitsIcESaIcEEESt14default_deleteIS5_EEEC2Ev
FNDA:43,_ZNSt11_Tuple_implILm1EJNSt10filesystem7__cxx114path5_List13_Impl_deleterEEE7_M_headERS5_
FNDA:0,_ZNSt11_Tuple_implILm1EJSt14default_deleteINSt7__cxx1112basic_stringIcSt11char_traitsIcESaIcEEEEEE7_M_headERS8_
FNDA:59,_ZNSt11_Tuple_implILm1EJSt14default_deleteINSt7__cxx1118basic_stringstreamIcSt11char_traitsIcESaIcEEEEEE7_M_headERS8_
FNDA:12,_ZNSt11_Tuple_implILm1EJSt14default_deleteINSt7__cxx1112basic_stringIcSt11char_traitsIcESaIcEEEEEEC2Ev
FNDA:12,_ZNSt10_Head_baseILm1ESt14default_deleteINSt7__cxx1112basic_stringIcSt11char_traitsIcESaIcEEEELb1EEC2Ev
FNF:33
FNH:29
DA:81,12
DA:82,12
DA:125,102
DA:190,12
DA:191,12
DA:234,173
DA:237,591
DA:269,173
DA:272,591
DA:280,12
DA:281,12
DA:497,102
DA:503,12
DA:504,12
DA:1317,12
DA:1319,12
DA:1787,275
DA:1788,275
DA:1792,591
DA:1793,591
DA:1803,275
DA:1804,275
DA:1809,591
DA:1810,591
LF:24
LH:24
end_of_record
TN:
SF:/usr/include/gtest/gtest-assertion-result.h
FN:155,161,_ZN7testing15AssertionResultC2IbEERKT_PNSt9enable_ifIXntsrSt14is_convertibleIS2_S0_E5valueEvE4typeE
FN:174,174,_ZNK7testing15AssertionResultcvbEv
FNDA:12,_ZN7testing15AssertionResultC2IbEERKT_PNSt9enable_ifIXntsrSt14is_convertibleIS2_S0_E5valueEvE4typeE
FNDA:12,_ZNK7testing15AssertionResultcvbEv
FNF:2
FNH:2
DA:155,12
DA:161,12
DA:174,12
LF:3
LH:3
end_of_record
TN:
SF:/usr/include/gtest/gtest-message.h
FN:132,150,_ZN7testing7MessagelsIA27_cEERS0_RKT_
FN:132,150,_ZN7testing7MessagelsIA29_cEERS0_RKT_
FN:132,150,_ZN7testing7MessagelsIA30_cEERS0_RKT_
FN:132,150,_ZN7testing7MessagelsIA32_cEERS0_RKT_
FN:132,150,_ZN7testing7MessagelsIA36_cEERS0_RKT_
FN:132,150,_ZN7testing7MessagelsIA37_cEERS0_RKT_
FN:132,150,_ZN7testing7MessagelsIA38_cEERS0_RKT_
FN:132,150,_ZN7testing7MessagelsIA56_cEERS0_RKT_
FN:132,150,_ZN7testing7MessagelsIA57_cEERS0_RKT_
FNDA:0,_ZN7testing7MessagelsIA27_cEERS0_RKT_
FNDA:0,_ZN7testing7MessagelsIA29_cEERS0_RKT_
FNDA:0,_ZN7testing7MessagelsIA30_cEERS0_RKT_
FNDA:0,_ZN7testing7MessagelsIA32_cEERS0_RKT_
FNDA:0,_ZN7testing7MessagelsIA36_cEERS0_RKT_
FNDA:0,_ZN7testing7MessagelsIA37_cEERS0_RKT_
FNDA:0,_ZN7testing7MessagelsIA38_cEERS0_RKT_
FNDA:0,_ZN7testing7MessagelsIA56_cEERS0_RKT_
FNDA:0,_ZN7testing7MessagelsIA57_cEERS0_RKT_
FNF:9
FNH:0
DA:132,0
DA:148,0
DA:149,0
LF:3
LH:0
end_of_record
TN:
SF:/usr/include/gtest/gtest.h
FN:256,256,_ZN7testing4Test14SetUpTestSuiteEv
FN:264,264,_ZN7testing4Test17TearDownTestSuiteEv
FN:269,269,_ZN7testing4Test16TearDownTestCaseEv
FN:270,270,_ZN7testing4Test13SetUpTestCaseEv
FN:357,357,_ZN7testing4Test5SetupEv
FNDA:0,_ZN7testing4Test14SetUpTestSuiteEv
FNDA:0,_ZN7testing4Test17TearDownTestSuiteEv
FNDA:0,_ZN7testing4Test16TearDownTestCaseEv
FNDA:0,_ZN7testing4Test13SetUpTestCaseEv
FNDA:0,_ZN7testing4Test5SetupEv
FNF:5
FNH:0
DA:256,0
DA:264,0
DA:269,0
DA:270,0
DA:357,0
LF:5
LH:0
end_of_record
TN:
SF:/usr/include/gtest/internal/gtest-internal.h
FN:438,438,_ZN7testing8internal15TestFactoryBaseD0Ev
FN:438,438,_ZN7testing8internal15TestFactoryBaseD2Ev
FN:445,445,_ZN7testing8internal15TestFactoryBaseC2Ev
FN:457,457,_ZN7testing8internal15TestFactoryImplI27LoggerTest_LogRotation_TestE10CreateTestEv
FN:457,457,_ZN7testing8internal15TestFactoryImplI27LoggerTest_getFilename_TestE10CreateTestEv
FN:457,457,_ZN7testing8internal15TestFactoryImplI28LoggerTest_WritesToFile_TestE10CreateTestEv
FN:457,457,_ZN7testing8internal15TestFactoryImplI31LoggerTest_DirPathChanging_TestE10CreateTestEv
FN:457,457,_ZN7testing8internal15TestFactoryImplI31LoggerTest_setMoreLogFiles_TestE10CreateTestEv
FN:457,457,_ZN7testing8internal15TestFactoryImplI32LoggerTest_writeOnlyWarning_TestE10CreateTestEv
FN:457,457,_ZN7testing8internal15TestFactoryImplI33LoggerTest_LogLevelFiltering_TestE10CreateTestEv
FN:478,479,_ZN7testing8internal12CodeLocationC2ERKNSt7__cxx1112basic_stringIcSt11char_traitsIcESaIcEEEi
FN:491,494,_ZN7testing8internal19GetNotDefaultOrNullEPFvvES2_
FN:506,525,_ZN7testing8internal16SuiteApiResolverINS_4TestEE19GetSetUpCaseOrSuiteEPKci
FN:527,546,_ZN7testing8internal16SuiteApiResolverINS_4TestEE22GetTearDownCaseOrSuiteEPKci
FNDA:0,_ZN7testing8internal15TestFactoryBaseD0Ev
FNDA:7,_ZN7testing8internal15TestFactoryBaseD2Ev
FNDA:7,_ZN7testing8internal15TestFactoryBaseC2Ev
FNDA:1,_ZN7testing8internal15TestFactoryImplI27LoggerTest_LogRotation_TestE10CreateTestEv
FNDA:1,_ZN7testing8internal15TestFactoryImplI27LoggerTest_getFilename_TestE10CreateTestEv
FNDA:1,_ZN7testing8internal15TestFactoryImplI28LoggerTest_WritesToFile_TestE10CreateTestEv
FNDA:1,_ZN7testing8internal15TestFactoryImplI31LoggerTest_DirPathChanging_TestE10CreateTestEv
FNDA:1,_ZN7testing8internal15TestFactoryImplI31LoggerTest_setMoreLogFiles_TestE10CreateTestEv
FNDA:1,_ZN7testing8internal15TestFactoryImplI32LoggerTest_writeOnlyWarning_TestE10CreateTestEv
FNDA:1,_ZN7testing8internal15TestFactoryImplI33LoggerTest_LogLevelFiltering_TestE10CreateTestEv
FNDA:7,_ZN7testing8internal12CodeLocationC2ERKNSt7__cxx1112basic_stringIcSt11char_traitsIcESaIcEEEi
FNDA:28,_ZN7testing8internal19GetNotDefaultOrNullEPFvvES2_
FNDA:7,_ZN7testing8internal16SuiteApiResolverINS_4TestEE19GetSetUpCaseOrSuiteEPKci
FNDA:7,_ZN7testing8internal16SuiteApiResolverINS_4TestEE22GetTearDownCaseOrSuiteEPKci
FNF:14
FNH:13
DA:438,7
DA:445,7
DA:457,7
DA:478,7
DA:479,7
DA:491,28
DA:493,28
DA:506,7
DA:510,7
DA:512,7
DA:514,7
DA:517,0
DA:519,7
DA:527,7
DA:531,7
DA:533,7
DA:535,7
DA:538,0
DA:540,7
LF:19
LH:17
end_of_record
TN:
SF:/usr/include/gtest/internal/gtest-port.h
FN:1042,1042,_ZN7testing8internal8GTestLog9GetStreamEv
FNDA:0,_ZN7testing8internal8GTestLog9GetStreamEv
FNF:1
FNH:0
DA:1042,0
LF:1
LH:0
end_of_record
TN:
SF:/usr/include/x86_64-linux-gnu/c++/13/bits/c++config.h
FN:540,551,_ZSt23__is_constant_evaluatedv
FNDA:663,_ZSt23__is_constant_evaluatedv
FNF:1
FNH:1
DA:540,663
DA:547,663
LF:2
LH:2
end_of_record
TN:
SF:/usr/include/x86_64-linux-gnu/c++/13/bits/gthr-default.h
FN:300,303,_ZL18__gthread_active_pv
FN:746,752,_ZL20__gthread_mutex_lockP15pthread_mutex_t
FN:776,782,_ZL22__gthread_mutex_unlockP15pthread_mutex_t
FNDA:40,_ZL18__gthread_active_pv
FNDA:20,_ZL20__gthread_mutex_lockP15pthread_mutex_t
FNDA:20,_ZL22__gthread_mutex_unlockP15pthread_mutex_t
FNF:3
FNH:3
DA:300,40
DA:302,40
DA:746,20
DA:748,20
DA:749,20
DA:751,0
DA:776,20
DA:778,20
DA:779,20
DA:781,0
LF:10
LH:8
end_of_record
