TN:
SF:/home/runner/work/Logger/Logger/Logger.cpp
FN:10,13,_ZN6LoggerC2Ev
FN:109,116,_ZN6Logger19setLogFileSizeLimitERKm
FN:118,121,_ZN6Logger18currectLogFilenameB5cxx11Ev
FN:123,142,_ZN6Logger20logFileNameGeneratorB5cxx11Ev
FN:144,156,_ZN6Logger13rotateLogFileEv
FN:15,19,_ZN6LoggerD2Ev
FN:21,27,_ZN6Logger10setLogFileERKNSt7__cxx1112basic_stringIcSt11char_traitsIcESaIcEEE
FN:29,33,_ZN6Logger5closeEv
FN:36,39,_ZN6Logger15setMaxSizeOfLogERKm
FN:41,43,_ZN6Logger11setLogLevelE8LogLevel
FN:45,62,_ZN6Logger15setPathToLogDirERKNSt7__cxx1112basic_stringIcSt11char_traitsIcESaIcEEE
FN:5,8,_ZN6Logger11getInstanceEv
FN:64,72,_ZN6Logger16showOnlyOneLevelEb8LogLevel
FN:74,107,_ZN6Logger3logERKNSt7__cxx1112basic_stringIcSt11char_traitsIcESaIcEEE8LogLevel
FNDA:1,_ZN6LoggerC2Ev
FNDA:0,_ZN6Logger19setLogFileSizeLimitERKm
FNDA:1,_ZN6Logger18currectLogFilenameB5cxx11Ev
FNDA:1,_ZN6Logger20logFileNameGeneratorB5cxx11Ev
FNDA:102,_ZN6Logger13rotateLogFileEv
FNDA:1,_ZN6LoggerD2Ev
FNDA:5,_ZN6Logger10setLogFileERKNSt7__cxx1112basic_stringIcSt11char_traitsIcESaIcEEE
FNDA:3,_ZN6Logger5closeEv
FNDA:2,_ZN6Logger15setMaxSizeOfLogERKm
FNDA:3,_ZN6Logger11setLogLevelE8LogLevel
FNDA:0,_ZN6Logger15setPathToLogDirERKNSt7__cxx1112basic_stringIcSt11char_traitsIcESaIcEEE
FNDA:3,_ZN6Logger11getInstanceEv
FNDA:0,_ZN6Logger16showOnlyOneLevelEb8LogLevel
FNDA:104,_ZN6Logger3logERKNSt7__cxx1112basic_stringIcSt11char_traitsIcESaIcEEE8LogLevel
FNF:14
FNH:11
DA:5,3
DA:6,3
DA:7,3
DA:10,3
DA:11,1
DA:12,1
DA:13,1
DA:15,1
DA:16,1
DA:17,0
DA:19,1
DA:21,5
DA:22,5
DA:23,1
DA:25,5
DA:26,5
DA:27,5
DA:29,3
DA:30,3
DA:31,3
DA:33,3
DA:36,2
DA:38,2
DA:39,2
DA:41,3
DA:42,3
DA:43,3
DA:45,0
DA:47,0
DA:51,0
DA:53,0
DA:55,0
DA:56,0
DA:60,0
DA:62,0
DA:64,0
DA:66,0
DA:68,0
DA:71,0
DA:72,0
DA:74,104
DA:75,104
DA:76,0
DA:77,0
DA:81,104
DA:82,2
DA:86,102
DA:87,102
DA:89,102
DA:91,102
DA:92,102
DA:93,101
DA:94,0
DA:95,1
DA:96,0
DA:99,204
DA:101,102
DA:102,102
DA:106,102
DA:107,102
DA:109,0
DA:111,0
DA:113,0
DA:116,0
DA:118,1
DA:120,1
DA:123,1
DA:125,1
DA:127,1
DA:129,3
DA:131,1
DA:133,0
DA:134,0
DA:138,1
DA:141,2
DA:142,0
DA:144,102
DA:146,102
DA:147,0
DA:150,102
DA:151,1
DA:153,1
DA:154,1
DA:155,1
LF:84
LH:58
end_of_record
