TN:
SF:/home/runner/work/Logger/Logger/Logger.cpp
FN:10,11,_ZN6LoggerC2Ev
FN:127,130,_ZN6Logger18currectLogFilenameB5cxx11Ev
FN:13,17,_ZN6LoggerD2Ev
FN:132,151,_ZN6Logger20logFileNameGeneratorB5cxx11Ev
FN:153,178,_ZN6Logger13rotateLogFileEv
FN:19,26,_ZN6Logger10setLogFileERKNSt7__cxx1112basic_stringIcSt11char_traitsIcESaIcEEE
FN:28,32,_ZN6Logger5closeEv
FN:35,38,_ZN6Logger15setMaxSizeOfLogERKm
FN:40,43,_ZN6Logger11setLogLevelE8LogLevel
FN:45,60,_ZN6Logger15setPathToLogDirERKNSt7__cxx1112basic_stringIcSt11char_traitsIcESaIcEEE
FN:5,8,_ZN6Logger11getInstanceEv
FN:62,70,_ZN6Logger16showOnlyOneLevelE8LogLevel
FN:72,92,_ZN6Logger17getLogLevelStringB5cxx11E8LogLevel
FN:94,125,_ZN6Logger3logERKNSt7__cxx1112basic_stringIcSt11char_traitsIcESaIcEEE8LogLevel
FNDA:1,_ZN6LoggerC2Ev
FNDA:2,_ZN6Logger18currectLogFilenameB5cxx11Ev
FNDA:1,_ZN6LoggerD2Ev
FNDA:3,_ZN6Logger20logFileNameGeneratorB5cxx11Ev
FNDA:16,_ZN6Logger13rotateLogFileEv
FNDA:11,_ZN6Logger10setLogFileERKNSt7__cxx1112basic_stringIcSt11char_traitsIcESaIcEEE
FNDA:7,_ZN6Logger5closeEv
FNDA:2,_ZN6Logger15setMaxSizeOfLogERKm
FNDA:6,_ZN6Logger11setLogLevelE8LogLevel
FNDA:8,_ZN6Logger15setPathToLogDirERKNSt7__cxx1112basic_stringIcSt11char_traitsIcESaIcEEE
FNDA:7,_ZN6Logger11getInstanceEv
FNDA:1,_ZN6Logger16showOnlyOneLevelE8LogLevel
FNDA:16,_ZN6Logger17getLogLevelStringB5cxx11E8LogLevel
FNDA:20,_ZN6Logger3logERKNSt7__cxx1112basic_stringIcSt11char_traitsIcESaIcEEE8LogLevel
FNF:14
FNH:14
DA:5,7
DA:6,7
DA:7,7
DA:10,3
DA:11,1
DA:13,1
DA:14,1
DA:15,0
DA:17,1
DA:19,11
DA:21,11
DA:22,4
DA:24,11
DA:25,11
DA:26,11
DA:28,7
DA:29,7
DA:30,7
DA:32,7
DA:35,2
DA:37,2
DA:38,2
DA:40,6
DA:41,6
DA:42,6
DA:43,6
DA:45,8
DA:47,8
DA:51,0
DA:53,0
DA:55,0
DA:56,0
DA:59,8
DA:60,8
DA:62,1
DA:64,1
DA:66,1
DA:69,1
DA:70,1
DA:72,16
DA:74,16
DA:75,16
DA:76,0
DA:77,0
DA:78,0
DA:79,0
DA:80,0
DA:81,0
DA:82,0
DA:83,14
DA:84,0
DA:85,1
DA:86,1
DA:87,0
DA:88,0
DA:91,16
DA:92,0
DA:94,20
DA:96,20
DA:97,20
DA:98,3
DA:99,2
DA:103,17
DA:104,2
DA:108,16
DA:110,16
DA:112,16
DA:114,16
DA:116,16
DA:117,16
DA:118,16
DA:121,0
DA:124,16
DA:125,20
DA:127,2
DA:129,2
DA:132,3
DA:134,3
DA:136,3
DA:138,9
DA:140,3
DA:142,3
DA:143,9
DA:147,0
DA:150,6
DA:151,0
DA:153,16
DA:155,16
DA:156,0
DA:157,0
DA:160,16
DA:163,16
DA:165,0
DA:167,0
DA:168,0
DA:170,16
DA:172,16
DA:174,3
DA:175,3
DA:176,3
LF:100
LH:76
end_of_record
