TN:
SF:/home/runner/work/Logger/Logger/Logger.cpp
FN:104,124,_ZN6Logger16replaceToPatternENSt7__cxx1112basic_stringIcSt11char_traitsIcESaIcEEES5_
FN:12,16,_ZN6LoggerD2Ev
FN:126,146,_ZN6Logger17getLogLevelStringB5cxx11E8LogLevel
FN:148,175,_ZN6Logger3logERKNSt7__cxx1112basic_stringIcSt11char_traitsIcESaIcEEE8LogLevel
FN:177,180,_ZN6Logger18currectLogFilenameB5cxx11Ev
FN:18,25,_ZN6Logger10setLogFileERKNSt7__cxx1112basic_stringIcSt11char_traitsIcESaIcEEE
FN:182,199,_ZN6Logger20logFileNameGeneratorB5cxx11Ev
FN:201,226,_ZN6Logger13rotateLogFileEv
FN:27,31,_ZN6Logger5closeEv
FN:3,6,_ZN6Logger11getInstanceEv
FN:34,37,_ZN6Logger15setMaxSizeOfLogERKm
FN:39,42,_ZN6Logger11setLogLevelE8LogLevel
FN:44,59,_ZN6Logger15setPathToLogDirERKNSt7__cxx1112basic_stringIcSt11char_traitsIcESaIcEEE
FN:61,69,_ZN6Logger16showOnlyOneLevelE8LogLevel
FN:71,78,_Z7getDateB5cxx11v
FN:8,10,_ZN6LoggerC2Ev
FN:80,87,_Z7getTimeB5cxx11v
FN:89,97,_Z12getTimestampB5cxx11v
FN:99,102,_ZN6Logger12setLogFormatENSt7__cxx1112basic_stringIcSt11char_traitsIcESaIcEEE
FNDA:16,_ZN6Logger16replaceToPatternENSt7__cxx1112basic_stringIcSt11char_traitsIcESaIcEEES5_
FNDA:1,_ZN6LoggerD2Ev
FNDA:16,_ZN6Logger17getLogLevelStringB5cxx11E8LogLevel
FNDA:20,_ZN6Logger3logERKNSt7__cxx1112basic_stringIcSt11char_traitsIcESaIcEEE8LogLevel
FNDA:3,_ZN6Logger18currectLogFilenameB5cxx11Ev
FNDA:11,_ZN6Logger10setLogFileERKNSt7__cxx1112basic_stringIcSt11char_traitsIcESaIcEEE
FNDA:3,_ZN6Logger20logFileNameGeneratorB5cxx11Ev
FNDA:16,_ZN6Logger13rotateLogFileEv
FNDA:7,_ZN6Logger5closeEv
FNDA:7,_ZN6Logger11getInstanceEv
FNDA:2,_ZN6Logger15setMaxSizeOfLogERKm
FNDA:6,_ZN6Logger11setLogLevelE8LogLevel
FNDA:8,_ZN6Logger15setPathToLogDirERKNSt7__cxx1112basic_stringIcSt11char_traitsIcESaIcEEE
FNDA:1,_ZN6Logger16showOnlyOneLevelE8LogLevel
FNDA:3,_Z7getDateB5cxx11v
FNDA:1,_ZN6LoggerC2Ev
FNDA:0,_Z7getTimeB5cxx11v
FNDA:32,_Z12getTimestampB5cxx11v
FNDA:0,_ZN6Logger12setLogFormatENSt7__cxx1112basic_stringIcSt11char_traitsIcESaIcEEE
FNF:19
FNH:17
DA:3,7
DA:4,7
DA:5,7
DA:8,3
DA:9,1
DA:10,1
DA:12,1
DA:13,1
DA:14,0
DA:16,1
DA:18,11
DA:20,11
DA:21,1
DA:23,11
DA:24,11
DA:25,11
DA:27,7
DA:28,7
DA:29,7
DA:31,7
DA:34,2
DA:36,2
DA:37,2
DA:39,6
DA:40,6
DA:41,6
DA:42,6
DA:44,8
DA:46,8
DA:50,0
DA:52,0
DA:54,0
DA:55,0
DA:58,8
DA:59,8
DA:61,1
DA:63,1
DA:65,1
DA:68,1
DA:69,1
DA:71,3
DA:73,3
DA:75,3
DA:77,6
DA:80,0
DA:82,0
DA:84,0
DA:86,0
DA:89,32
DA:91,32
DA:93,32
DA:95,64
DA:99,0
DA:101,0
DA:102,0
DA:104,16
DA:106,16
DA:108,16
DA:109,16
DA:110,16
DA:113,16
DA:114,16
DA:115,16
DA:118,16
DA:119,16
DA:120,16
DA:123,16
DA:124,0
DA:126,16
DA:128,16
DA:129,16
DA:130,0
DA:131,0
DA:132,0
DA:133,0
DA:134,0
DA:135,0
DA:136,0
DA:137,14
DA:138,0
DA:139,1
DA:140,1
DA:141,0
DA:142,0
DA:145,16
DA:146,0
DA:148,20
DA:150,20
DA:151,20
DA:152,3
DA:153,2
DA:157,17
DA:158,2
DA:161,16
DA:162,16
DA:164,16
DA:166,16
DA:167,16
DA:168,16
DA:171,0
DA:174,16
DA:175,20
DA:177,3
DA:179,3
DA:182,3
DA:184,3
DA:186,3
DA:188,3
DA:190,3
DA:191,3
DA:195,0
DA:198,6
DA:199,3
DA:201,16
DA:203,16
DA:204,0
DA:205,0
DA:208,16
DA:211,16
DA:213,0
DA:215,0
DA:216,0
DA:218,16
DA:220,3
DA:222,3
DA:223,3
DA:225,3
LF:127
LH:96
end_of_record
