TN:
SF:/home/runner/work/Logger/Logger/Logger.cpp
FN:10,13,_ZN6LoggerC2Ev
FN:103,110,_ZN6Logger19setLogFileSizeLimitERKm
FN:112,133,_ZN6Logger20logFileNameGeneratorB5cxx11Ev
FN:135,147,_ZN6Logger13rotateLogFileEv
FN:15,19,_ZN6LoggerD2Ev
FN:21,27,_ZN6Logger10setLogFileERKNSt7__cxx1112basic_stringIcSt11char_traitsIcESaIcEEE
FN:29,33,_ZN6Logger5closeEv
FN:35,37,_ZN6Logger11setLogLevelE8LogLevel
FN:39,56,_ZN6Logger15setPathToLogDirERKNSt7__cxx1112basic_stringIcSt11char_traitsIcESaIcEEE
FN:5,8,_ZN6Logger11getInstanceEv
FN:58,66,_ZN6Logger16showOnlyOneLevelEb8LogLevel
FN:68,101,_ZN6Logger3logERKNSt7__cxx1112basic_stringIcSt11char_traitsIcESaIcEEE8LogLevel
FNDA:1,_ZN6LoggerC2Ev
FNDA:0,_ZN6Logger19setLogFileSizeLimitERKm
FNDA:0,_ZN6Logger20logFileNameGeneratorB5cxx11Ev
FNDA:1,_ZN6Logger13rotateLogFileEv
FNDA:1,_ZN6LoggerD2Ev
FNDA:2,_ZN6Logger10setLogFileERKNSt7__cxx1112basic_stringIcSt11char_traitsIcESaIcEEE
FNDA:1,_ZN6Logger5closeEv
FNDA:1,_ZN6Logger11setLogLevelE8LogLevel
FNDA:0,_ZN6Logger15setPathToLogDirERKNSt7__cxx1112basic_stringIcSt11char_traitsIcESaIcEEE
FNDA:1,_ZN6Logger11getInstanceEv
FNDA:0,_ZN6Logger16showOnlyOneLevelEb8LogLevel
FNDA:1,_ZN6Logger3logERKNSt7__cxx1112basic_stringIcSt11char_traitsIcESaIcEEE8LogLevel
FNF:12
FNH:8
DA:5,1
DA:6,1
DA:7,1
DA:10,3
DA:11,1
DA:12,1
DA:13,1
DA:15,1
DA:16,1
DA:17,0
DA:19,1
DA:21,2
DA:22,2
DA:23,1
DA:25,2
DA:26,2
DA:27,2
DA:29,1
DA:30,1
DA:31,1
DA:33,1
DA:35,1
DA:36,1
DA:37,1
DA:39,0
DA:41,0
DA:45,0
DA:47,0
DA:49,0
DA:50,0
DA:54,0
DA:56,0
DA:58,0
DA:60,0
DA:62,0
DA:65,0
DA:66,0
DA:68,1
DA:69,1
DA:70,0
DA:71,0
DA:75,1
DA:76,0
DA:80,1
DA:81,1
DA:83,1
DA:85,1
DA:86,1
DA:87,1
DA:88,0
DA:89,0
DA:90,0
DA:93,2
DA:95,1
DA:96,1
DA:100,1
DA:101,1
DA:103,0
DA:105,0
DA:107,0
DA:110,0
DA:112,0
DA:114,0
DA:116,0
DA:118,0
DA:120,0
DA:122,0
DA:124,0
DA:125,0
DA:129,0
DA:132,0
DA:133,0
DA:135,1
DA:137,1
DA:138,0
DA:141,1
DA:142,0
DA:144,0
DA:145,0
DA:146,0
LF:80
LH:40
end_of_record
